2017-08-09 16:32:41,503 [      0]   INFO -        #com.intellij.idea.Main - ------------------------------------------------------ IDE STARTED ------------------------------------------------------ 
2017-08-09 16:32:41,503 [      0]   INFO -        #com.intellij.idea.Main - IDE: Android Studio (build #AI-162.4069837, 06 Jun 2017 00:00) 
2017-08-09 16:32:41,503 [      0]   INFO -        #com.intellij.idea.Main - OS: Windows 10 (10.0, amd64) 
2017-08-09 16:32:41,503 [      0]   INFO -        #com.intellij.idea.Main - JRE: 1.8.0_112-release-b06 (JetBrains s.r.o) 
2017-08-09 16:32:41,503 [      0]   INFO -        #com.intellij.idea.Main - JVM: 25.112-b06 (OpenJDK 64-Bit Server VM) 
2017-08-09 16:32:41,550 [     47]   INFO -        #com.intellij.idea.Main - JVM Args: -Xms256m -Xmx1280m -XX:ReservedCodeCacheSize=240m -XX:+UseConcMarkSweepGC -XX:SoftRefLRUPolicyMSPerMB=50 -da -Djna.nosys=true -Djna.boot.library.path= -Djna.debug_load=true -Djna.debug_load.jna=true -Dsun.io.useCanonCaches=false -Djava.net.preferIPv4Stack=true -Didea.paths.selector=AndroidStudio2.3 -Didea.platform.prefix=AndroidStudio -Didea.jre.check=true -Djb.vmOptionsFile=C:\Program Files\Android\Android Studio\bin\studio64.exe.vmoptions -Xbootclasspath/a:C:\Program Files\Android\Android Studio\lib\boot.jar -Didea.jre.check=false -XX:ErrorFile=C:\Users\Aluno\java_error_in___product_uc___%p.log -XX:HeapDumpPath=C:\Users\Aluno\java_error_in___product_uc__.hprof 
2017-08-09 16:32:41,550 [     47]   INFO -        #com.intellij.idea.Main - ext: C:\Program Files\Android\Android Studio\jre\jre\lib\ext: [access-bridge-64.jar, cldrdata.jar, dnsns.jar, jaccess.jar, localedata.jar, meta-index, nashorn.jar, sunec.jar, sunjce_provider.jar, sunmscapi.jar, sunpkcs11.jar, zipfs.jar] 
2017-08-09 16:32:41,550 [     47]   INFO -        #com.intellij.idea.Main - JNU charset: Cp1252 
2017-08-09 16:32:41,550 [     47]   INFO -        #com.intellij.idea.Main - JNA library loaded (64-bit) in 0 ms 
2017-08-09 16:32:41,581 [     78]   INFO - penapi.util.io.win32.IdeaWin32 - Native filesystem for Windows is operational 
2017-08-09 16:32:41,628 [    125]   INFO -        #com.intellij.idea.Main - Using "FocusKiller" library to prevent focus stealing. 
2017-08-09 16:32:50,965 [   9462]   INFO - llij.ide.plugins.PluginManager - Cannot find optional descriptor duplicates-groovy.xml 
2017-08-09 16:32:54,012 [  12509]   INFO - llij.ide.plugins.PluginManager - 35 plugins initialized in 6437 ms 
2017-08-09 16:32:54,012 [  12509]   INFO - llij.ide.plugins.PluginManager - Loaded bundled plugins: Android Games (1.0), Android NDK Support (1.0), Android Support (10.2.3.3), App Links Assistant (0.1), CVS Integration (11), Copyright (8.1), Coverage (162.2228.14), EditorConfig (162.2228.14), Firebase App Indexing (0.1), Firebase Services (0.1), Firebase Testing (1.0), Git Integration (8.1), GitHub (162.2228.14), Google Cloud Tools Core (0.2.8), Google Cloud Tools For Android Studio (0.2.8), Google Developers Samples (0.3.1), Google Login (1.0), Google Services (0.1), Gradle (162.2228.14), Groovy (9.0), I18n for Java (162.2228.14), IDEA CORE (162.2228.14), IntelliLang (8.0), JUnit (1.0), Java Bytecode Decompiler (162.2228.14), NDK WorkspaceManager Support (1.0), Properties Support (162.2228.14), Settings Repository (162.2228.14), Subversion Integration (1.1), Task Management (1.0), Terminal (0.1), Test Recorder (1.0), TestNG-J (8.0), YAML (162.2228.14), hg4idea (10.0) 
2017-08-09 16:33:06,278 [  24775]   INFO - ellij.vfs.persistent.FSRecords - Marking VFS as corrupted: 'C:\Users\Aluno\.AndroidStudio2.3\system\caches\names.dat' does not exist 
2017-08-09 16:33:06,278 [  24775]   INFO - ellij.util.io.PagedFileStorage - lower=100; upper=500; buffer=10; max=1226 
2017-08-09 16:33:06,403 [  24900]   INFO - pl.local.NativeFileWatcherImpl - Starting file watcher: C:\Program Files\Android\Android Studio\bin\fsnotifier64.exe 
2017-08-09 16:33:06,512 [  25009]   INFO - pl.local.NativeFileWatcherImpl - Native file watcher is operational. 
2017-08-09 16:33:07,668 [  26165]   INFO - .history.utils.LocalHistoryLog - local history version mismatch (was: 0, expected: 6), rebuilding... 
2017-08-09 16:33:07,668 [  26165]   INFO - .history.utils.LocalHistoryLog - FS has been rebuild, rebuilding local history... 
2017-08-09 16:33:09,826 [  28323]   INFO - rains.ide.BuiltInServerManager - built-in server started, port 63342 
2017-08-09 16:33:09,935 [  28432]   INFO - gs.impl.UpdateCheckerComponent - channel: release 
2017-08-09 16:33:11,063 [  29560]   INFO - il.indexing.FileBasedIndexImpl - Index exts enumerated:1029 
2017-08-09 16:33:11,093 [  29590]   INFO - il.indexing.FileBasedIndexImpl - Index scheduled:40 
2017-08-09 16:33:11,367 [  29864]   INFO - tellij.psi.stubs.StubIndexImpl - All stub exts enumerated:217 
2017-08-09 16:33:11,367 [  29864]   INFO - tellij.psi.stubs.StubIndexImpl - stub exts update scheduled:0 
2017-08-09 16:33:11,958 [  30455]   INFO - j.ide.script.IdeStartupScripts - 0 startup script(s) found 
2017-08-09 16:33:13,682 [  32179]   INFO - ij.psi.stubs.StubUpdatingIndex - Following new file types will be indexed:JAVA,XML,HTML,Properties,GDBCommands,Groovy,LLDBCommands,CLASS 
2017-08-09 16:33:17,012 [  35509]   INFO - pl$FileIndexDataInitialization - Initialization done:5907 
2017-08-09 16:33:17,958 [  36455]   INFO - exImpl$StubIndexInitialization - Initialization done:947 
2017-08-09 16:33:18,055 [  36552]   INFO - ellij.project.impl.ProjectImpl - 20 project components initialized in 4349 ms 
2017-08-09 16:33:18,055 [  36552]   INFO - le.impl.ModuleManagerComponent - 0 module(s) loaded in 0 ms 
2017-08-09 16:33:22,572 [  41069]   INFO - plication.impl.ApplicationImpl - 85 application components initialized in 34997 ms 
2017-08-09 16:33:23,135 [  41632]   INFO - .intellij.idea.IdeaApplication - App initialization took 59367 ms 
2017-08-09 16:33:26,032 [  44529]   INFO - dea.updater.SdkComponentSource - Downloading file:/C:/Program%20Files/Android/Android%20Studio/plugins/sdk-updates/offline-repo/offline-repo.xml 
2017-08-09 16:33:27,111 [  45608]   INFO - .openapi.application.Preloader - Finished preloading com.intellij.openapi.actionSystem.impl.ActionPreloader@6fd01739 
2017-08-09 16:33:28,408 [  46905]   INFO - dea.updater.SdkComponentSource - Downloading https://dl.google.com/android/repository/repository2-1.xml 
2017-08-09 16:33:28,893 [  47390]   INFO - s.RepoProgressIndicatorAdapter - Parsing C:\Users\Aluno\AppData\Local\Android\Sdk\add-ons\addon-google_apis-google-24\package.xml 
2017-08-09 16:33:28,908 [  47405]   INFO - s.RepoProgressIndicatorAdapter - Parsing C:\Users\Aluno\AppData\Local\Android\Sdk\build-tools\25.0.3\package.xml 
2017-08-09 16:33:28,908 [  47405]   INFO - s.RepoProgressIndicatorAdapter - Parsing C:\Users\Aluno\AppData\Local\Android\Sdk\docs\package.xml 
2017-08-09 16:33:28,924 [  47421]   INFO - s.RepoProgressIndicatorAdapter - Parsing C:\Users\Aluno\AppData\Local\Android\Sdk\emulator\package.xml 
2017-08-09 16:33:28,940 [  47437]   INFO - s.RepoProgressIndicatorAdapter - Parsing C:\Users\Aluno\AppData\Local\Android\Sdk\extras\android\m2repository\package.xml 
2017-08-09 16:33:28,940 [  47437]   INFO - s.RepoProgressIndicatorAdapter - Parsing C:\Users\Aluno\AppData\Local\Android\Sdk\extras\google\m2repository\package.xml 
2017-08-09 16:33:28,955 [  47452]   INFO - s.RepoProgressIndicatorAdapter - Parsing C:\Users\Aluno\AppData\Local\Android\Sdk\extras\intel\Hardware_Accelerated_Execution_Manager\package.xml 
2017-08-09 16:33:28,971 [  47468]   INFO - s.RepoProgressIndicatorAdapter - Parsing C:\Users\Aluno\AppData\Local\Android\Sdk\patcher\v4\package.xml 
2017-08-09 16:33:28,986 [  47483]   INFO - s.RepoProgressIndicatorAdapter - Parsing C:\Users\Aluno\AppData\Local\Android\Sdk\platform-tools\package.xml 
2017-08-09 16:33:28,986 [  47483]   INFO - s.RepoProgressIndicatorAdapter - Parsing C:\Users\Aluno\AppData\Local\Android\Sdk\platforms\android-25\package.xml 
2017-08-09 16:33:29,002 [  47499]   INFO - s.RepoProgressIndicatorAdapter - Parsing C:\Users\Aluno\AppData\Local\Android\Sdk\sources\android-25\package.xml 
2017-08-09 16:33:29,018 [  47515]   INFO - s.RepoProgressIndicatorAdapter - Parsing C:\Users\Aluno\AppData\Local\Android\Sdk\system-images\android-25\google_apis\x86\package.xml 
2017-08-09 16:33:29,033 [  47530]   INFO - s.RepoProgressIndicatorAdapter - Parsing C:\Users\Aluno\AppData\Local\Android\Sdk\tools\package.xml 
2017-08-09 16:33:29,049 [  47546]   INFO - s.RepoProgressIndicatorAdapter - Downloading file:/C:/Program%20Files/Android/Android%20Studio/plugins/sdk-updates/offline-repo/offline-repo.xml 
2017-08-09 16:33:29,143 [  47640]   INFO - s.RepoProgressIndicatorAdapter - Downloading https://dl.google.com/android/repository/repository2-1.xml 
2017-08-09 16:33:29,674 [  48171]   INFO - dea.updater.SdkComponentSource - Downloading https://dl.google.com/android/repository/addons_list-3.xml 
2017-08-09 16:33:29,955 [  48452]   INFO - dea.updater.SdkComponentSource - Downloading https://dl.google.com/android/repository/sys-img/android/sys-img2-1.xml 
2017-08-09 16:33:30,127 [  48624]   INFO - s.RepoProgressIndicatorAdapter - Downloading https://dl.google.com/android/repository/sys-img/android/sys-img2-1.xml 
2017-08-09 16:33:30,940 [  49437]   INFO - .openapi.application.Preloader - Finished preloading com.intellij.ide.ui.search.SearchableOptionPreloader@ad151b3 
2017-08-09 16:33:31,002 [  49499]   INFO - dea.updater.SdkComponentSource - Downloading https://dl.google.com/android/repository/sys-img/android-wear/sys-img2-1.xml 
2017-08-09 16:33:31,018 [  49515]   INFO - s.RepoProgressIndicatorAdapter - Downloading https://dl.google.com/android/repository/sys-img/android-wear/sys-img2-1.xml 
2017-08-09 16:33:31,671 [  50168]   INFO - s.RepoProgressIndicatorAdapter - Downloading https://dl.google.com/android/repository/sys-img/android-wear-cn/sys-img2-1.xml 
2017-08-09 16:33:31,686 [  50183]   INFO - dea.updater.SdkComponentSource - Downloading https://dl.google.com/android/repository/sys-img/android-wear-cn/sys-img2-1.xml 
2017-08-09 16:33:32,190 [  50687]   INFO - s.RepoProgressIndicatorAdapter - Downloading https://dl.google.com/android/repository/sys-img/android-tv/sys-img2-1.xml 
2017-08-09 16:33:32,268 [  50765]   INFO - dea.updater.SdkComponentSource - Downloading https://dl.google.com/android/repository/sys-img/android-tv/sys-img2-1.xml 
2017-08-09 16:33:32,877 [  51374]   INFO - dea.updater.SdkComponentSource - Downloading https://dl.google.com/android/repository/sys-img/google_apis/sys-img2-1.xml 
2017-08-09 16:33:32,940 [  51437]   INFO - s.RepoProgressIndicatorAdapter - Downloading https://dl.google.com/android/repository/sys-img/google_apis/sys-img2-1.xml 
2017-08-09 16:33:33,659 [  52156]   INFO - s.RepoProgressIndicatorAdapter - Downloading https://dl.google.com/android/repository/sys-img/google_apis_playstore/sys-img2-1.xml 
2017-08-09 16:33:33,674 [  52171]   INFO - dea.updater.SdkComponentSource - Downloading https://dl.google.com/android/repository/sys-img/google_apis_playstore/sys-img2-1.xml 
2017-08-09 16:33:34,205 [  52702]   INFO - s.RepoProgressIndicatorAdapter - Downloading https://dl.google.com/android/repository/addon2-1.xml 
2017-08-09 16:33:34,205 [  52702]   INFO - dea.updater.SdkComponentSource - Downloading https://dl.google.com/android/repository/addon2-1.xml 
2017-08-09 16:33:35,221 [  53718]   INFO - s.RepoProgressIndicatorAdapter - Downloading https://dl.google.com/android/repository/glass/addon2-1.xml 
2017-08-09 16:33:35,252 [  53749]   INFO - dea.updater.SdkComponentSource - Downloading https://dl.google.com/android/repository/glass/addon2-1.xml 
2017-08-09 16:33:35,752 [  54249]   INFO - s.RepoProgressIndicatorAdapter - Downloading https://dl.google.com/android/repository/extras/intel/addon2-1.xml 
2017-08-09 16:33:35,768 [  54265]   INFO - dea.updater.SdkComponentSource - Downloading https://dl.google.com/android/repository/extras/intel/addon2-1.xml 
2017-08-09 16:33:36,315 [  54812]   WARN - dea.updater.SdkComponentSource - File C:\Users\Aluno\.android\repositories.cfg could not be loaded. 
2017-08-09 16:33:36,424 [  54921]   WARN - s.RepoProgressIndicatorAdapter - File C:\Users\Aluno\.android\repositories.cfg could not be loaded. 
2017-08-09 16:33:36,534 [  55031]   WARN - vdmanager.AvdManagerConnection - No Android SDK Found 
2017-08-09 16:33:38,299 [  56796]   INFO - rtup.GradleSpecificInitializer - Found Studio home directory at: 'C:\Program Files\Android\Android Studio' 
2017-08-09 16:33:38,299 [  56796]   INFO - rtup.GradleSpecificInitializer - Looking for Android SDK at 'C:/Program Files/Android/Android Studio/sdk' 
2017-08-09 16:33:38,299 [  56796]   INFO - rtup.GradleSpecificInitializer - Looking for Android SDK at 'C:/Program Files/Android/sdk' 
2017-08-09 16:33:38,299 [  56796]   INFO - rtup.GradleSpecificInitializer - Unable to locate SDK within the Android studio installation. 
2017-08-09 16:33:38,299 [  56796]   INFO - rtup.GradleSpecificInitializer - Checking if ANDROID_HOME is set: 'ANDROID_HOME' is 'null' 
2017-08-09 16:33:38,299 [  56796]   INFO - rtup.GradleSpecificInitializer - Unable to locate last SDK used by Android tools 
2017-08-09 16:33:38,315 [  56812]   INFO - .startup.AndroidSdkInitializer - Found Studio home directory at: 'C:\Program Files\Android\Android Studio' 
2017-08-09 16:33:38,315 [  56812]   INFO - .startup.AndroidSdkInitializer - Looking for Android SDK at 'C:/Program Files/Android/Android Studio/sdk' 
2017-08-09 16:33:38,315 [  56812]   INFO - .startup.AndroidSdkInitializer - Looking for Android SDK at 'C:/Program Files/Android/sdk' 
2017-08-09 16:33:38,315 [  56812]   INFO - .startup.AndroidSdkInitializer - Unable to locate SDK within the Android studio installation. 
2017-08-09 16:33:38,315 [  56812]   INFO - .startup.AndroidSdkInitializer - Checking if ANDROID_HOME is set: 'ANDROID_HOME' is 'null' 
2017-08-09 16:33:38,315 [  56812]   INFO - .startup.AndroidSdkInitializer - Unable to locate last SDK used by Android tools 
2017-08-30 23:28:07,559 [      0]   INFO -        #com.intellij.idea.Main - ------------------------------------------------------ IDE STARTED ------------------------------------------------------ 
2017-08-30 23:28:07,637 [     78]   INFO -        #com.intellij.idea.Main - IDE: Android Studio (build #AI-162.4069837, 06 Jun 2017 00:00) 
2017-08-30 23:28:07,637 [     78]   INFO -        #com.intellij.idea.Main - OS: Windows 10 (10.0, amd64) 
2017-08-30 23:28:07,637 [     78]   INFO -        #com.intellij.idea.Main - JRE: 1.8.0_112-release-b06 (JetBrains s.r.o) 
2017-08-30 23:28:07,637 [     78]   INFO -        #com.intellij.idea.Main - JVM: 25.112-b06 (OpenJDK 64-Bit Server VM) 
2017-08-30 23:28:07,684 [    125]   INFO -        #com.intellij.idea.Main - JVM Args: -Xms256m -Xmx1280m -XX:ReservedCodeCacheSize=240m -XX:+UseConcMarkSweepGC -XX:SoftRefLRUPolicyMSPerMB=50 -da -Djna.nosys=true -Djna.boot.library.path= -Djna.debug_load=true -Djna.debug_load.jna=true -Dsun.io.useCanonCaches=false -Djava.net.preferIPv4Stack=true -Didea.paths.selector=AndroidStudio2.3 -Didea.platform.prefix=AndroidStudio -Didea.jre.check=true -Djb.vmOptionsFile=C:\Program Files\Android\Android Studio\bin\studio64.exe.vmoptions -Xbootclasspath/a:C:\Program Files\Android\Android Studio\lib\boot.jar -Didea.jre.check=false -XX:ErrorFile=C:\Users\Aluno\java_error_in___product_uc___%p.log -XX:HeapDumpPath=C:\Users\Aluno\java_error_in___product_uc__.hprof 
2017-08-30 23:28:07,684 [    125]   INFO -        #com.intellij.idea.Main - ext: C:\Program Files\Android\Android Studio\jre\jre\lib\ext: [access-bridge-64.jar, cldrdata.jar, dnsns.jar, jaccess.jar, localedata.jar, meta-index, nashorn.jar, sunec.jar, sunjce_provider.jar, sunmscapi.jar, sunpkcs11.jar, zipfs.jar] 
2017-08-30 23:28:07,684 [    125]   INFO -        #com.intellij.idea.Main - JNU charset: Cp1252 
2017-08-30 23:28:07,746 [    187]   INFO -        #com.intellij.idea.Main - JNA library loaded (64-bit) in 62 ms 
2017-08-30 23:28:07,777 [    218]   INFO - penapi.util.io.win32.IdeaWin32 - Native filesystem for Windows is operational 
2017-08-30 23:28:07,793 [    234]   INFO -        #com.intellij.idea.Main - Using "FocusKiller" library to prevent focus stealing. 
2017-08-30 23:28:07,981 [    422]   INFO -     #com.intellij.util.ui.JBUI - UI scale factor: 1.0 
2017-08-30 23:28:15,684 [   8125]   INFO - llij.ide.plugins.PluginManager - Cannot find optional descriptor duplicates-groovy.xml 
2017-08-30 23:28:17,435 [   9876]   INFO - llij.ide.plugins.PluginManager - 35 plugins initialized in 4391 ms 
2017-08-30 23:28:17,450 [   9891]   INFO - llij.ide.plugins.PluginManager - Loaded bundled plugins: Android Games (1.0), Android NDK Support (1.0), Android Support (10.2.3.3), App Links Assistant (0.1), CVS Integration (11), Copyright (8.1), Coverage (162.2228.14), EditorConfig (162.2228.14), Firebase App Indexing (0.1), Firebase Services (0.1), Firebase Testing (1.0), Git Integration (8.1), GitHub (162.2228.14), Google Cloud Tools Core (0.2.8), Google Cloud Tools For Android Studio (0.2.8), Google Developers Samples (0.3.1), Google Login (1.0), Google Services (0.1), Gradle (162.2228.14), Groovy (9.0), I18n for Java (162.2228.14), IDEA CORE (162.2228.14), IntelliLang (8.0), JUnit (1.0), Java Bytecode Decompiler (162.2228.14), NDK WorkspaceManager Support (1.0), Properties Support (162.2228.14), Settings Repository (162.2228.14), Subversion Integration (1.1), Task Management (1.0), Terminal (0.1), Test Recorder (1.0), TestNG-J (8.0), YAML (162.2228.14), hg4idea (10.0) 
2017-08-30 23:28:26,608 [  19049]   INFO - ellij.util.io.PagedFileStorage - lower=100; upper=500; buffer=10; max=1226 
2017-08-30 23:28:26,842 [  19283]   INFO - pl.local.NativeFileWatcherImpl - Starting file watcher: C:\Program Files\Android\Android Studio\bin\fsnotifier64.exe 
2017-08-30 23:28:26,905 [  19346]   INFO - pl.local.NativeFileWatcherImpl - Native file watcher is operational. 
2017-08-30 23:28:28,764 [  21205]   INFO -     #com.intellij.util.ui.JBUI - UI scale factor changed: 1.0 
2017-08-30 23:28:30,437 [  22878]   INFO - rains.ide.BuiltInServerManager - built-in server started, port 63342 
2017-08-30 23:28:30,593 [  23034]   INFO - gs.impl.UpdateCheckerComponent - channel: release 
2017-08-30 23:28:31,054 [  23495]   INFO - il.indexing.FileBasedIndexImpl - Index exts enumerated:337 
2017-08-30 23:28:31,055 [  23496]   INFO - il.indexing.FileBasedIndexImpl - Index scheduled:4 
2017-08-30 23:28:31,180 [  23621]   INFO - tellij.psi.stubs.StubIndexImpl - All stub exts enumerated:58 
2017-08-30 23:28:31,180 [  23621]   INFO - tellij.psi.stubs.StubIndexImpl - stub exts update scheduled:0 
2017-08-30 23:28:31,819 [  24260]   INFO - j.ide.script.IdeStartupScripts - 0 startup script(s) found 
2017-08-30 23:28:38,005 [  30446]   INFO - ellij.project.impl.ProjectImpl - 20 project components initialized in 4468 ms 
2017-08-30 23:28:38,005 [  30446]   INFO - le.impl.ModuleManagerComponent - 0 module(s) loaded in 0 ms 
2017-08-30 23:28:38,142 [  30583]   INFO - pl$FileIndexDataInitialization - Initialization done:7082 
2017-08-30 23:28:41,973 [  34414]   INFO - exImpl$StubIndexInitialization - Initialization done:3831 
2017-08-30 23:28:42,748 [  35189]   INFO - plication.impl.ApplicationImpl - 85 application components initialized in 29704 ms 
2017-08-30 23:28:42,829 [  35270]   INFO - .intellij.idea.IdeaApplication - App initialization took 40807 ms 
2017-08-30 23:28:47,324 [  39765]   INFO - .openapi.application.Preloader - Finished preloading com.intellij.openapi.actionSystem.impl.ActionPreloader@250a7e39 
2017-08-30 23:28:48,356 [  40797]   INFO - dea.updater.SdkComponentSource - Downloading https://dl.google.com/android/repository/repository2-1.xml 
2017-08-30 23:28:48,637 [  41078]   INFO - s.RepoProgressIndicatorAdapter - Parsing C:\Users\Aluno\AppData\Local\Android\Sdk\add-ons\addon-google_apis-google-24\package.xml 
2017-08-30 23:28:48,637 [  41078]   INFO - s.RepoProgressIndicatorAdapter - Parsing C:\Users\Aluno\AppData\Local\Android\Sdk\build-tools\25.0.3\package.xml 
2017-08-30 23:28:48,652 [  41093]   INFO - s.RepoProgressIndicatorAdapter - Parsing C:\Users\Aluno\AppData\Local\Android\Sdk\docs\package.xml 
2017-08-30 23:28:48,652 [  41093]   INFO - s.RepoProgressIndicatorAdapter - Parsing C:\Users\Aluno\AppData\Local\Android\Sdk\emulator\package.xml 
2017-08-30 23:28:48,699 [  41140]   INFO - s.RepoProgressIndicatorAdapter - Parsing C:\Users\Aluno\AppData\Local\Android\Sdk\extras\android\m2repository\package.xml 
2017-08-30 23:28:48,715 [  41156]   INFO - s.RepoProgressIndicatorAdapter - Parsing C:\Users\Aluno\AppData\Local\Android\Sdk\extras\google\m2repository\package.xml 
2017-08-30 23:28:48,715 [  41156]   INFO - s.RepoProgressIndicatorAdapter - Parsing C:\Users\Aluno\AppData\Local\Android\Sdk\extras\intel\Hardware_Accelerated_Execution_Manager\package.xml 
2017-08-30 23:28:48,731 [  41172]   INFO - s.RepoProgressIndicatorAdapter - Parsing C:\Users\Aluno\AppData\Local\Android\Sdk\patcher\v4\package.xml 
2017-08-30 23:28:48,731 [  41172]   INFO - s.RepoProgressIndicatorAdapter - Parsing C:\Users\Aluno\AppData\Local\Android\Sdk\platform-tools\package.xml 
2017-08-30 23:28:48,746 [  41187]   INFO - s.RepoProgressIndicatorAdapter - Parsing C:\Users\Aluno\AppData\Local\Android\Sdk\platforms\android-25\package.xml 
2017-08-30 23:28:48,762 [  41203]   INFO - s.RepoProgressIndicatorAdapter - Parsing C:\Users\Aluno\AppData\Local\Android\Sdk\sources\android-25\package.xml 
2017-08-30 23:28:48,762 [  41203]   INFO - s.RepoProgressIndicatorAdapter - Parsing C:\Users\Aluno\AppData\Local\Android\Sdk\system-images\android-25\google_apis\x86\package.xml 
2017-08-30 23:28:48,777 [  41218]   INFO - s.RepoProgressIndicatorAdapter - Parsing C:\Users\Aluno\AppData\Local\Android\Sdk\tools\package.xml 
2017-08-30 23:28:48,793 [  41234]   WARN - s.RepoProgressIndicatorAdapter - File C:\Users\Aluno\.android\repositories.cfg could not be loaded. 
2017-08-30 23:28:48,793 [  41234]   INFO - s.RepoProgressIndicatorAdapter - Downloading https://dl.google.com/android/repository/repository2-1.xml 
2017-08-30 23:28:49,824 [  42265]   INFO - .openapi.application.Preloader - Finished preloading com.intellij.ide.ui.search.SearchableOptionPreloader@60e932d9 
2017-08-30 23:28:50,152 [  42593]   WARN - dea.updater.SdkComponentSource - File C:\Users\Aluno\.android\repositories.cfg could not be loaded. 
2017-08-30 23:28:50,152 [  42593]   INFO - dea.updater.SdkComponentSource - Downloading file:/C:/Program%20Files/Android/Android%20Studio/plugins/sdk-updates/offline-repo/offline-repo.xml 
2017-08-30 23:28:50,246 [  42687]   INFO - s.RepoProgressIndicatorAdapter - Downloading file:/C:/Program%20Files/Android/Android%20Studio/plugins/sdk-updates/offline-repo/offline-repo.xml 
2017-08-30 23:28:50,449 [  42890]   INFO - s.RepoProgressIndicatorAdapter - Downloading https://dl.google.com/android/repository/addons_list-3.xml 
2017-08-30 23:28:50,465 [  42906]   INFO - dea.updater.SdkComponentSource - Downloading https://dl.google.com/android/repository/addons_list-3.xml 
2017-08-30 23:28:50,762 [  43203]   INFO - dea.updater.SdkComponentSource - Downloading https://dl.google.com/android/repository/sys-img/android/sys-img2-1.xml 
2017-08-30 23:28:51,184 [  43625]   INFO - s.RepoProgressIndicatorAdapter - Downloading https://dl.google.com/android/repository/sys-img/android/sys-img2-1.xml 
2017-08-30 23:28:52,527 [  44968]   INFO - s.RepoProgressIndicatorAdapter - Downloading https://dl.google.com/android/repository/sys-img/android-wear/sys-img2-1.xml 
2017-08-30 23:28:52,699 [  45140]   INFO - dea.updater.SdkComponentSource - Downloading https://dl.google.com/android/repository/sys-img/android-wear/sys-img2-1.xml 
2017-08-30 23:28:53,809 [  46250]   INFO - s.RepoProgressIndicatorAdapter - Downloading https://dl.google.com/android/repository/sys-img/android-wear-cn/sys-img2-1.xml 
2017-08-30 23:28:54,043 [  46484]   INFO - dea.updater.SdkComponentSource - Downloading https://dl.google.com/android/repository/sys-img/android-wear-cn/sys-img2-1.xml 
2017-08-30 23:28:55,184 [  47625]   INFO - s.RepoProgressIndicatorAdapter - Downloading https://dl.google.com/android/repository/sys-img/android-tv/sys-img2-1.xml 
2017-08-30 23:28:55,262 [  47703]   INFO - dea.updater.SdkComponentSource - Downloading https://dl.google.com/android/repository/sys-img/android-tv/sys-img2-1.xml 
2017-08-30 23:28:56,637 [  49078]   INFO - s.RepoProgressIndicatorAdapter - Downloading https://dl.google.com/android/repository/sys-img/google_apis/sys-img2-1.xml 
2017-08-30 23:28:57,324 [  49765]   INFO - dea.updater.SdkComponentSource - Downloading https://dl.google.com/android/repository/sys-img/google_apis/sys-img2-1.xml 
2017-08-30 23:28:58,121 [  50562]   INFO - s.RepoProgressIndicatorAdapter - Downloading https://dl.google.com/android/repository/sys-img/google_apis_playstore/sys-img2-1.xml 
2017-08-30 23:28:59,309 [  51750]   INFO - dea.updater.SdkComponentSource - Downloading https://dl.google.com/android/repository/sys-img/google_apis_playstore/sys-img2-1.xml 
2017-08-30 23:28:59,543 [  51984]   INFO - s.RepoProgressIndicatorAdapter - Downloading https://dl.google.com/android/repository/addon2-1.xml 
2017-08-30 23:29:00,465 [  52906]   INFO - dea.updater.SdkComponentSource - Downloading https://dl.google.com/android/repository/addon2-1.xml 
2017-08-30 23:29:02,074 [  54515]   INFO - s.RepoProgressIndicatorAdapter - Downloading https://dl.google.com/android/repository/glass/addon2-1.xml 
2017-08-30 23:29:03,184 [  55625]   INFO - dea.updater.SdkComponentSource - Downloading https://dl.google.com/android/repository/glass/addon2-1.xml 
2017-08-30 23:29:03,543 [  55984]   INFO - s.RepoProgressIndicatorAdapter - Downloading https://dl.google.com/android/repository/extras/intel/addon2-1.xml 
2017-08-30 23:29:04,402 [  56843]   INFO - dea.updater.SdkComponentSource - Downloading https://dl.google.com/android/repository/extras/intel/addon2-1.xml 
2017-08-30 23:29:04,699 [  57140]   WARN - vdmanager.AvdManagerConnection - No Android SDK Found 
2017-08-30 23:29:06,230 [  58671]   INFO - rtup.GradleSpecificInitializer - Found Studio home directory at: 'C:\Program Files\Android\Android Studio' 
2017-08-30 23:29:06,230 [  58671]   INFO - rtup.GradleSpecificInitializer - Looking for Android SDK at 'C:/Program Files/Android/Android Studio/sdk' 
2017-08-30 23:29:06,230 [  58671]   INFO - rtup.GradleSpecificInitializer - Looking for Android SDK at 'C:/Program Files/Android/sdk' 
2017-08-30 23:29:06,230 [  58671]   INFO - rtup.GradleSpecificInitializer - Unable to locate SDK within the Android studio installation. 
2017-08-30 23:29:06,230 [  58671]   INFO - rtup.GradleSpecificInitializer - Checking if ANDROID_HOME is set: 'ANDROID_HOME' is 'null' 
2017-08-30 23:29:06,230 [  58671]   INFO - rtup.GradleSpecificInitializer - Unable to locate last SDK used by Android tools 
2017-08-30 23:29:06,262 [  58703]   INFO - .startup.AndroidSdkInitializer - Found Studio home directory at: 'C:\Program Files\Android\Android Studio' 
2017-08-30 23:29:06,262 [  58703]   INFO - .startup.AndroidSdkInitializer - Looking for Android SDK at 'C:/Program Files/Android/Android Studio/sdk' 
2017-08-30 23:29:06,262 [  58703]   INFO - .startup.AndroidSdkInitializer - Looking for Android SDK at 'C:/Program Files/Android/sdk' 
2017-08-30 23:29:06,262 [  58703]   INFO - .startup.AndroidSdkInitializer - Unable to locate SDK within the Android studio installation. 
2017-08-30 23:29:06,262 [  58703]   INFO - .startup.AndroidSdkInitializer - Checking if ANDROID_HOME is set: 'ANDROID_HOME' is 'null' 
2017-08-30 23:29:06,262 [  58703]   INFO - .startup.AndroidSdkInitializer - Unable to locate last SDK used by Android tools 
2017-08-30 23:42:02,488 [ 834929]   INFO - org.jetbrains.io.BuiltInServer - web server stopped 
2017-08-30 23:42:02,488 [ 834929]   INFO - Types.impl.FileTypeManagerImpl - FileTypeManager: 0 auto-detected files
Elapsed time on auto-detect: 0 ms 
2017-08-30 23:42:02,504 [ 834945]   INFO - stubs.SerializationManagerImpl - START StubSerializationManager SHUTDOWN 
2017-08-30 23:42:02,504 [ 834945]   INFO - stubs.SerializationManagerImpl - END StubSerializationManager SHUTDOWN 
2017-08-30 23:42:02,504 [ 834945]   INFO - il.indexing.FileBasedIndexImpl - START INDEX SHUTDOWN 
2017-08-30 23:42:02,675 [ 835116]   INFO - il.indexing.FileBasedIndexImpl - END INDEX SHUTDOWN 
2017-08-30 23:42:02,691 [ 835132]   INFO - pl.local.NativeFileWatcherImpl - Watcher terminated with exit code 0 
2017-08-30 23:42:02,691 [ 835132]   INFO - newvfs.persistent.PersistentFS - VFS dispose started 
2017-08-30 23:42:02,785 [ 835226]   INFO - newvfs.persistent.PersistentFS - VFS dispose completed 
2017-08-30 23:42:02,785 [ 835226]   INFO -        #com.intellij.idea.Main - ------------------------------------------------------ IDE SHUTDOWN ------------------------------------------------------ 
2017-08-30 23:42:02,785 [ 835226]   INFO - org.jetbrains.io.BuiltInServer - web server stopped 
