2017-08-22 23:40:40,028 [      0]   INFO -        #com.intellij.idea.Main - ------------------------------------------------------ IDE STARTED ------------------------------------------------------ 
2017-08-22 23:40:40,044 [     16]   INFO -        #com.intellij.idea.Main - IDE: PyCharm Community Edition (build #PC-172.3544.46, 09 Aug 2017 12:30) 
2017-08-22 23:40:40,044 [     16]   INFO -        #com.intellij.idea.Main - OS: Windows 10 (10.0, amd64) 
2017-08-22 23:40:40,044 [     16]   INFO -        #com.intellij.idea.Main - JRE: 1.8.0_152-release-915-b6 (JetBrains s.r.o) 
2017-08-22 23:40:40,044 [     16]   INFO -        #com.intellij.idea.Main - JVM: 25.152-b6 (OpenJDK 64-Bit Server VM) 
2017-08-22 23:40:40,051 [     23]   INFO -        #com.intellij.idea.Main - JVM Args: -Xms128m -Xmx750m -XX:ReservedCodeCacheSize=240m -XX:+UseConcMarkSweepGC -XX:SoftRefLRUPolicyMSPerMB=50 -ea -Dsun.io.useCanonCaches=false -Djava.net.preferIPv4Stack=true -XX:+HeapDumpOnOutOfMemoryError -XX:-OmitStackTraceInFastThrow -Djb.vmOptionsFile=C:\Program Files\JetBrains\PyCharm Community Edition 2017.2.1\bin\pycharm64.exe.vmoptions -Xbootclasspath/a:C:\Program Files\JetBrains\PyCharm Community Edition 2017.2.1\lib\boot.jar -Didea.platform.prefix=PyCharmCore -Didea.paths.selector=PyCharmCE2017.2 -XX:ErrorFile=C:\Users\Aluno\java_error_in_pycharm_%p.log -XX:HeapDumpPath=C:\Users\Aluno\java_error_in_pycharm.hprof 
2017-08-22 23:40:40,052 [     24]   INFO -        #com.intellij.idea.Main - ext: C:\Program Files\JetBrains\PyCharm Community Edition 2017.2.1\jre64\lib\ext: [access-bridge-64.jar, cldrdata.jar, dnsns.jar, jaccess.jar, jfxrt.jar, localedata.jar, meta-index, nashorn.jar, sunec.jar, sunjce_provider.jar, sunmscapi.jar, sunpkcs11.jar, zipfs.jar] 
2017-08-22 23:40:40,052 [     24]   INFO -        #com.intellij.idea.Main - JNU charset: Cp1252 
2017-08-22 23:40:40,098 [     70]   INFO -        #com.intellij.idea.Main - JNA library (64-bit) loaded in 45 ms 
2017-08-22 23:40:40,102 [     74]   INFO - penapi.util.io.win32.IdeaWin32 - Native filesystem for Windows is operational 
2017-08-22 23:40:40,104 [     76]   INFO -        #com.intellij.idea.Main - Using "FocusKiller" library to prevent focus stealing. 
2017-08-22 23:40:48,490 [   8462]   INFO - llij.ide.plugins.PluginManager - 17 plugins initialized in 547 ms 
2017-08-22 23:40:48,505 [   8477]   INFO - llij.ide.plugins.PluginManager - Loaded bundled plugins: CVS Integration (11), EditorConfig (172.3544.46), Git Integration (8.1), GitHub (172.3544.46), IDEA CORE (172.3544.46), IPython Notebook (0.1), IntelliLang (8.0), Python IntelliLang (VERSION), Python ReStructureText Integration (1.0), Python Terminal (VERSION), ReStructuredText Support (172.3544.46), Settings Repository (172.3544.46), Subversion Integration (1.1), Task Management (1.0), Terminal (0.1), YAML (172.3544.46), hg4idea (10.0) 
2017-08-22 23:40:48,927 [   8899]   INFO - ellij.vfs.persistent.FSRecords - Marking VFS as corrupted: 'C:\Users\Aluno\.PyCharmCE2017.2\system\caches\names.dat' does not exist 
2017-08-22 23:40:48,943 [   8915]   INFO - ellij.util.io.PagedFileStorage - lower=100; upper=500; buffer=10; max=705 
2017-08-22 23:40:49,005 [   8977]   INFO - pl.local.NativeFileWatcherImpl - Starting file watcher: C:\Program Files\JetBrains\PyCharm Community Edition 2017.2.1\bin\fsnotifier64.exe 
2017-08-22 23:40:49,021 [   8993]   INFO - pl.local.NativeFileWatcherImpl - Native file watcher is operational. 
2017-08-22 23:40:49,708 [   9680]   INFO - .history.utils.LocalHistoryLog - local history version mismatch (was: 0, expected: 6), rebuilding... 
2017-08-22 23:40:49,708 [   9680]   INFO - .history.utils.LocalHistoryLog - FS has been rebuild, rebuilding local history... 
2017-08-22 23:40:50,021 [   9993]   INFO - til.net.ssl.CertificateManager - Default SSL context initialized 
2017-08-22 23:40:50,195 [  10167]   INFO - rains.ide.BuiltInServerManager - built-in server started, port 63342 
2017-08-22 23:40:50,228 [  10200]   INFO - gs.impl.UpdateCheckerComponent - channel: release 
2017-08-22 23:40:50,463 [  10435]   INFO - il.indexing.FileBasedIndexImpl - Index exts enumerated:153 
2017-08-22 23:40:50,468 [  10440]   INFO - il.indexing.FileBasedIndexImpl - Index scheduled:4 
2017-08-22 23:40:50,554 [  10526]   INFO - tellij.psi.stubs.StubIndexImpl - All stub exts enumerated:78 
2017-08-22 23:40:50,554 [  10526]   INFO - tellij.psi.stubs.StubIndexImpl - stub exts update scheduled:0 
2017-08-22 23:40:50,593 [  10565]   INFO - j.ide.script.IdeStartupScripts - 0 startup script(s) found 
2017-08-22 23:40:50,704 [  10676]   INFO -            PyTestLegacyInterop - Disabling com.jetbrains.python.testing.unittestLegacy.PythonUnitTestConfigurationProducer@6bb99483 
2017-08-22 23:40:50,704 [  10676]   INFO -            PyTestLegacyInterop - Disabling com.jetbrains.python.testing.pytestLegacy.PyTestConfigurationProducer@10cab8e8 
2017-08-22 23:40:50,704 [  10676]   INFO -            PyTestLegacyInterop - Disabling com.jetbrains.python.testing.nosetestLegacy.PythonNoseTestConfigurationProducer@65c7552e 
2017-08-22 23:40:50,773 [  10745]   INFO - plication.impl.ApplicationImpl - 74 application components initialized in 2830ms 
2017-08-22 23:40:50,790 [  10762]   INFO - .intellij.idea.IdeaApplication - App initialization took 21942 ms 
2017-08-22 23:40:51,624 [  11596]   INFO - ij.psi.stubs.StubUpdatingIndex - Following new file types will be indexed:HTML,PythonStub,XML,Python 
2017-08-22 23:40:51,804 [  11776]   INFO - ellij.project.impl.ProjectImpl - 14 project components initialized in 246 ms 
2017-08-22 23:40:52,406 [  12378]   INFO - pl$FileIndexDataInitialization - Initialization done:1949 
2017-08-22 23:40:52,796 [  12768]   INFO - .openapi.application.Preloader - Finished preloading com.intellij.openapi.actionSystem.impl.ActionPreloader@5a74c5b2 
2017-08-22 23:40:52,984 [  12956]   INFO - exImpl$StubIndexInitialization - Initialization done:570 
2017-08-22 23:40:53,140 [  13112]   INFO - .openapi.application.Preloader - Finished preloading com.intellij.ide.ui.search.SearchableOptionPreloader@77874349 
2017-08-22 23:40:53,265 [  13237]   INFO - .openapi.application.Preloader - Finished preloading com.intellij.codeInsight.completion.CompletionPreloader@72f3ad11 
2017-08-22 23:40:55,062 [  15034]   WARN - til.ui.update.LazyUiDisposable - use application as a parent disposable 
2017-08-22 23:40:58,734 [  18706]   INFO - ns.python.sdk.PythonSdkUpdater - Updating sys.path took 78 ms 
2017-08-22 23:40:58,734 [  18706]   INFO - ns.python.sdk.PythonSdkUpdater - Bogus sys.path entry C:\Users\Aluno\AppData\Local\Programs\Python\Python36-32\python36.zip 
2017-08-22 23:40:58,749 [  18721]   INFO - ns.python.sdk.PythonSdkUpdater - Binary skeletons directory for SDK Python 3.6.1 (C:\Users\Aluno\AppData\Local\Programs\Python\Python36-32\python.exe) (C:\Users\Aluno\AppData\Local\Programs\Python\Python36-32\python.exe)): C:/Users/Aluno/.PyCharmCE2017.2/system/python_stubs/92087616 
2017-08-22 23:40:58,749 [  18721]   INFO - ns.python.sdk.PythonSdkUpdater - User skeletons directory for SDK Python 3.6.1 (C:\Users\Aluno\AppData\Local\Programs\Python\Python36-32\python.exe) (C:\Users\Aluno\AppData\Local\Programs\Python\Python36-32\python.exe)): C:/Program Files/JetBrains/PyCharm Community Edition 2017.2.1/helpers/python-skeletons 
2017-08-22 23:40:58,881 [  18853]   INFO - ns.python.sdk.PythonSdkUpdater - Updating sys.path took 78 ms 
2017-08-22 23:40:58,881 [  18853]   INFO - ns.python.sdk.PythonSdkUpdater - Bogus sys.path entry C:\Users\Aluno\AppData\Local\Programs\Python\Python36-32\python36.zip 
2017-08-22 23:40:58,881 [  18853]   INFO - ns.python.sdk.PythonSdkUpdater - Binary skeletons directory for SDK Python 3.6.1 (C:\Users\Aluno\AppData\Local\Programs\Python\Python36-32\python.exe) (C:\Users\Aluno\AppData\Local\Programs\Python\Python36-32\python.exe)): C:/Users/Aluno/.PyCharmCE2017.2/system/python_stubs/92087616 
2017-08-22 23:40:58,881 [  18853]   INFO - ns.python.sdk.PythonSdkUpdater - User skeletons directory for SDK Python 3.6.1 (C:\Users\Aluno\AppData\Local\Programs\Python\Python36-32\python.exe) (C:\Users\Aluno\AppData\Local\Programs\Python\Python36-32\python.exe)): C:/Program Files/JetBrains/PyCharm Community Edition 2017.2.1/helpers/python-skeletons 
2017-08-22 23:40:59,662 [  19634]   INFO - ellij.project.impl.ProjectImpl - 88 project components initialized in 468 ms 
2017-08-22 23:40:59,662 [  19634]   INFO - le.impl.ModuleManagerComponent - 0 module(s) loaded in 0 ms 
2017-08-22 23:41:00,964 [  20936]   INFO - .diagnostic.PerformanceWatcher - Post-startup activities under progress took 78ms; general responsiveness: ok; EDT responsiveness: ok 
2017-08-22 23:41:01,123 [  21095]   INFO - pl.ProjectRootManagerComponent - project roots have changed 
2017-08-22 23:41:01,123 [  21095]   INFO - indexing.UnindexedFilesUpdater - Unindexed files update canceled 
2017-08-22 23:41:02,520 [  22492]   INFO - pl.ProjectRootManagerComponent - project roots have changed 
2017-08-22 23:41:02,598 [  22570]   INFO - tartup.impl.StartupManagerImpl - C:/Users/Aluno/PycharmProjects/redes/.idea case-sensitivity: expected=false actual=false 
2017-08-22 23:41:02,613 [  22585]   INFO - ns.python.sdk.PythonSdkUpdater - Performing background update of skeletons for SDK Python 3.6.1 (C:\Users\Aluno\AppData\Local\Programs\Python\Python36-32\python.exe) (C:\Users\Aluno\AppData\Local\Programs\Python\Python36-32\python.exe) 
2017-08-22 23:41:02,613 [  22585]   INFO - .skeletons.PySkeletonRefresher - Refreshing skeletons for C:\Users\Aluno\AppData\Local\Programs\Python\Python36-32\python.exe 
2017-08-22 23:41:03,145 [  23117]   INFO - tor.impl.FileEditorManagerImpl - Project opening took 3987 ms 
2017-08-22 23:41:03,301 [  23273]   INFO - .diagnostic.PerformanceWatcher - Pushing properties took 203ms; general responsiveness: ok; EDT responsiveness: ok 
2017-08-22 23:41:05,104 [  25076]   INFO - .skeletons.PySkeletonGenerator - Retrieving binary module list took 2428 ms 
2017-08-22 23:41:05,104 [  25076]   INFO - .skeletons.PySkeletonRefresher - Home path is C:\Program Files\JetBrains\PyCharm Community Edition 2017.2.1 
2017-08-22 23:41:05,104 [  25076]   INFO - .skeletons.PySkeletonRefresher - Pregenerated skeletons root is C:\Program Files\JetBrains\PyCharm Community Edition 2017.2.1\skeletons 
2017-08-22 23:41:05,104 [  25076]   INFO - .skeletons.PySkeletonRefresher - Not found pregenerated skeletons at C:\Program Files\JetBrains\PyCharm Community Edition 2017.2.1\skeletons\skeletons-win-401-python-3.6.1.zip 
2017-08-22 23:41:06,494 [  26466]   INFO - ateSettings.impl.UpdateChecker - Connection failed (connect timed out). Please check network connection and try again. 
2017-08-22 23:41:10,016 [  29988]   INFO - packaging.PyPackageManagerImpl - Running packaging tool: C:\Users\Aluno\AppData\Local\Programs\Python\Python36-32\python.exe C:\Program Files\JetBrains\PyCharm Community Edition 2017.2.1\helpers\packaging_tool.py list 
2017-08-22 23:41:10,391 [  30363]   INFO - .skeletons.PySkeletonGenerator - Rebuilding builtin skeletons took 5287 ms 
2017-08-22 23:41:10,391 [  30363]   INFO - .skeletons.PySkeletonRefresher - Skeleton for _asyncio 
2017-08-22 23:41:11,829 [  31801]   INFO - .skeletons.PySkeletonRefresher - Skeleton for _bz2 
2017-08-22 23:41:12,094 [  32066]   INFO - .skeletons.PySkeletonRefresher - Skeleton for _ctypes 
2017-08-22 23:41:12,376 [  32348]   INFO - .skeletons.PySkeletonRefresher - Skeleton for _ctypes_test 
2017-08-22 23:41:12,633 [  32605]   INFO - .skeletons.PySkeletonRefresher - Skeleton for _decimal 
2017-08-22 23:41:13,024 [  32996]   INFO - .skeletons.PySkeletonRefresher - Skeleton for _elementtree 
2017-08-22 23:41:13,321 [  33293]   INFO - .skeletons.PySkeletonRefresher - Skeleton for _hashlib 
2017-08-22 23:41:13,586 [  33558]   INFO - .skeletons.PySkeletonRefresher - Skeleton for _lzma 
2017-08-22 23:41:13,868 [  33840]   INFO - .skeletons.PySkeletonRefresher - Skeleton for _msi 
2017-08-22 23:41:14,149 [  34121]   INFO - .skeletons.PySkeletonRefresher - Skeleton for _multiprocessing 
2017-08-22 23:41:14,415 [  34387]   INFO - .skeletons.PySkeletonRefresher - Skeleton for _overlapped 
2017-08-22 23:41:14,727 [  34699]   INFO - .skeletons.PySkeletonRefresher - Skeleton for _socket 
2017-08-22 23:41:15,118 [  35090]   INFO - .skeletons.PySkeletonRefresher - Skeleton for _sqlite3 
2017-08-22 23:41:15,633 [  35605]   INFO - .skeletons.PySkeletonRefresher - Skeleton for _ssl 
2017-08-22 23:41:15,915 [  35887]   INFO - .diagnostic.PerformanceWatcher - Indexable file iteration took 12614ms; general responsiveness: ok; EDT responsiveness: 2/13 sluggish 
2017-08-22 23:41:15,915 [  35887]   INFO - indexing.UnindexedFilesUpdater - Unindexed files update started: 4498 files to update 
2017-08-22 23:41:16,149 [  36121]   INFO - .skeletons.PySkeletonRefresher - Skeleton for _testbuffer 
2017-08-22 23:41:18,649 [  38621]   INFO - .skeletons.PySkeletonRefresher - Skeleton for _testcapi 
2017-08-22 23:41:20,508 [  40480]   INFO - .skeletons.PySkeletonRefresher - Skeleton for _testconsole 
2017-08-22 23:41:22,196 [  42168]   INFO - .skeletons.PySkeletonRefresher - Skeleton for _testimportmultiple 
2017-08-22 23:41:23,805 [  43777]   INFO - .skeletons.PySkeletonRefresher - Skeleton for _testmultiphase 
2017-08-22 23:41:25,274 [  45246]   INFO - .skeletons.PySkeletonRefresher - Skeleton for _tkinter 
2017-08-22 23:41:26,758 [  46730]   INFO - .skeletons.PySkeletonRefresher - Skeleton for pyexpat 
2017-08-22 23:41:28,383 [  48355]   INFO - .skeletons.PySkeletonRefresher - Skeleton for select 
2017-08-22 23:41:29,792 [  49764]   INFO - .skeletons.PySkeletonRefresher - Skeleton for unicodedata 
2017-08-22 23:41:31,027 [  50999]   INFO - .skeletons.PySkeletonRefresher - Skeleton for winsound 
2017-08-22 23:41:32,421 [  52393]   INFO - .skeletons.PySkeletonRefresher - Rebuilding skeletons for binaries took 22030 ms 
2017-08-22 23:41:32,483 [  52455]   INFO - ns.python.sdk.PythonSdkUpdater - Performing background scan of packages for SDK Python 3.6.1 (C:\Users\Aluno\AppData\Local\Programs\Python\Python36-32\python.exe) (C:\Users\Aluno\AppData\Local\Programs\Python\Python36-32\python.exe) 
2017-08-22 23:41:32,483 [  52455]   INFO - python.packaging.PyPackageUtil - Refreshing installed packages for SDK C:\Users\Aluno\AppData\Local\Programs\Python\Python36-32\python.exe 
2017-08-22 23:41:32,483 [  52455]   INFO - packaging.PyPackageManagerImpl - Running packaging tool: C:\Users\Aluno\AppData\Local\Programs\Python\Python36-32\python.exe C:\Program Files\JetBrains\PyCharm Community Edition 2017.2.1\helpers\packaging_tool.py list 
2017-08-22 23:41:32,483 [  52455]   INFO - packaging.PyPackageManagerImpl - Running packaging tool: C:\Users\Aluno\AppData\Local\Programs\Python\Python36-32\python.exe C:\Program Files\JetBrains\PyCharm Community Edition 2017.2.1\helpers\packaging_tool.py list 
2017-08-22 23:42:06,899 [  86871]   INFO - .diagnostic.PerformanceWatcher - Unindexed files update took 50980ms; general responsiveness: 0/50 sluggish, 1/50 very slow; EDT responsiveness: 1/50 sluggish, 1/50 very slow 
2017-08-22 23:42:06,909 [  86881]   INFO - g.FileBasedIndexProjectHandler - Reindexing refreshed files: 87 to update, calculated in 1ms 
2017-08-22 23:42:08,223 [  88195]   INFO - .diagnostic.PerformanceWatcher - Reindexing refreshed files took 1314ms; general responsiveness: ok; EDT responsiveness: ok 
2017-08-22 23:42:08,487 [  88459]   INFO - tartup.impl.StartupManagerImpl - Some post-startup activities freeze UI for noticeable time. Please consider making them DumbAware to do them in background under modal progress, or just making them faster to speed up project opening. 
2017-08-22 23:42:08,487 [  88459]   INFO - tartup.impl.StartupManagerImpl - InitLogStartupActivity run in 222ms on UI thread 
2017-08-22 23:42:15,660 [  95632]   INFO - ns.python.sdk.PythonSdkUpdater - Updating sys.path took 121 ms 
2017-08-22 23:42:15,661 [  95633]   INFO - ns.python.sdk.PythonSdkUpdater - Bogus sys.path entry C:\Users\Aluno\AppData\Local\Programs\Python\Python36-32\python36.zip 
2017-08-22 23:42:15,663 [  95635]   INFO - ns.python.sdk.PythonSdkUpdater - Binary skeletons directory for SDK Python 3.6.1 (C:\Users\Aluno\AppData\Local\Programs\Python\Python36-32\python.exe) (C:\Users\Aluno\AppData\Local\Programs\Python\Python36-32\python.exe)): C:/Users/Aluno/.PyCharmCE2017.2/system/python_stubs/92087616 
2017-08-22 23:42:15,663 [  95635]   INFO - ns.python.sdk.PythonSdkUpdater - User skeletons directory for SDK Python 3.6.1 (C:\Users\Aluno\AppData\Local\Programs\Python\Python36-32\python.exe) (C:\Users\Aluno\AppData\Local\Programs\Python\Python36-32\python.exe)): C:/Program Files/JetBrains/PyCharm Community Edition 2017.2.1/helpers/python-skeletons 
2017-08-22 23:42:15,672 [  95644]   INFO - ns.python.sdk.PythonSdkUpdater - Performing background update of skeletons for SDK Python 3.6.1 (C:\Users\Aluno\AppData\Local\Programs\Python\Python36-32\python.exe) (C:\Users\Aluno\AppData\Local\Programs\Python\Python36-32\python.exe) 
2017-08-22 23:42:15,672 [  95644]   INFO - .skeletons.PySkeletonRefresher - Refreshing skeletons for C:\Users\Aluno\AppData\Local\Programs\Python\Python36-32\python.exe 
2017-08-22 23:42:17,340 [  97312]   INFO - .skeletons.PySkeletonGenerator - Retrieving binary module list took 1661 ms 
2017-08-22 23:42:17,341 [  97313]   INFO - .skeletons.PySkeletonRefresher - Home path is C:\Program Files\JetBrains\PyCharm Community Edition 2017.2.1 
2017-08-22 23:42:17,341 [  97313]   INFO - .skeletons.PySkeletonRefresher - Pregenerated skeletons root is C:\Program Files\JetBrains\PyCharm Community Edition 2017.2.1\skeletons 
2017-08-22 23:42:17,341 [  97313]   INFO - .skeletons.PySkeletonRefresher - Not found pregenerated skeletons at C:\Program Files\JetBrains\PyCharm Community Edition 2017.2.1\skeletons\skeletons-win-401-python-3.6.1.zip 
2017-08-22 23:42:17,354 [  97326]   INFO - .skeletons.PySkeletonRefresher - Rebuilding skeletons for binaries took 10 ms 
2017-08-22 23:42:17,398 [  97370]   INFO - ns.python.sdk.PythonSdkUpdater - Performing background scan of packages for SDK Python 3.6.1 (C:\Users\Aluno\AppData\Local\Programs\Python\Python36-32\python.exe) (C:\Users\Aluno\AppData\Local\Programs\Python\Python36-32\python.exe) 
2017-08-22 23:42:17,398 [  97370]   INFO - packaging.PyPackageManagerImpl - Running packaging tool: C:\Users\Aluno\AppData\Local\Programs\Python\Python36-32\python.exe C:\Program Files\JetBrains\PyCharm Community Edition 2017.2.1\helpers\packaging_tool.py list 
2017-08-23 00:50:50,545 [4210517]   INFO - stubs.SerializationManagerImpl - START StubSerializationManager SHUTDOWN 
2017-08-23 00:50:50,545 [4210517]   INFO - stubs.SerializationManagerImpl - END StubSerializationManager SHUTDOWN 
2017-08-23 00:50:50,545 [4210517]   INFO - il.indexing.FileBasedIndexImpl - START INDEX SHUTDOWN 
2017-08-23 00:50:51,248 [4211220]   INFO - il.indexing.FileBasedIndexImpl - END INDEX SHUTDOWN 
2017-08-23 00:50:51,248 [4211220]   INFO - org.jetbrains.io.BuiltInServer - web server stopped 
2017-08-23 00:50:51,295 [4211267]   INFO - Types.impl.FileTypeManagerImpl - FileTypeManager: 1472 auto-detected files
Elapsed time on auto-detect: 19013 ms 
2017-08-23 00:50:51,295 [4211267]   INFO - pl.local.NativeFileWatcherImpl - Watcher terminated with exit code 0 
2017-08-23 00:50:51,295 [4211267]   INFO - newvfs.persistent.PersistentFS - VFS dispose started 
2017-08-23 00:50:51,623 [4211595]   INFO - newvfs.persistent.PersistentFS - VFS dispose completed 
2017-08-23 00:50:51,623 [4211595]   INFO - org.jetbrains.io.BuiltInServer - web server stopped 
2017-08-23 00:50:51,623 [4211595]   INFO -        #com.intellij.idea.Main - ------------------------------------------------------ IDE SHUTDOWN ------------------------------------------------------ 
2017-09-06 20:11:33,893 [      1]   INFO -        #com.intellij.idea.Main - ------------------------------------------------------ IDE STARTED ------------------------------------------------------ 
2017-09-06 20:11:33,962 [     70]   INFO -     #com.intellij.util.ui.JBUI - User scale factor: 1.0 
2017-09-06 20:11:33,962 [     70]   INFO -     #com.intellij.util.ui.JBUI - System scale factor: 1.0 (IDE-managed HiDPI) 
2017-09-06 20:11:33,997 [    105]   INFO -        #com.intellij.idea.Main - IDE: PyCharm Community Edition (build #PC-172.3544.46, 09 Aug 2017 12:33) 
2017-09-06 20:11:33,997 [    105]   INFO -        #com.intellij.idea.Main - OS: Windows 10 (10.0, amd64) 
2017-09-06 20:11:33,998 [    106]   INFO -        #com.intellij.idea.Main - JRE: 1.8.0_152-release-915-b6 (JetBrains s.r.o) 
2017-09-06 20:11:33,998 [    106]   INFO -        #com.intellij.idea.Main - JVM: 25.152-b6 (OpenJDK 64-Bit Server VM) 
2017-09-06 20:11:34,051 [    159]   INFO -        #com.intellij.idea.Main - JVM Args: -Xms128m -Xmx750m -XX:ReservedCodeCacheSize=240m -XX:+UseConcMarkSweepGC -XX:SoftRefLRUPolicyMSPerMB=50 -ea -Dsun.io.useCanonCaches=false -Djava.net.preferIPv4Stack=true -XX:+HeapDumpOnOutOfMemoryError -XX:-OmitStackTraceInFastThrow -Djb.vmOptionsFile=C:\Program Files\JetBrains\PyCharm Community Edition 2017.2.1\bin\pycharm64.exe.vmoptions -Xbootclasspath/a:C:\Program Files\JetBrains\PyCharm Community Edition 2017.2.1\lib\boot.jar -Didea.platform.prefix=PyCharmCore -Didea.paths.selector=PyCharmCE2017.2 -XX:ErrorFile=C:\Users\Aluno\java_error_in_pycharm_%p.log -XX:HeapDumpPath=C:\Users\Aluno\java_error_in_pycharm.hprof 
2017-09-06 20:11:34,052 [    160]   INFO -        #com.intellij.idea.Main - ext: C:\Program Files\JetBrains\PyCharm Community Edition 2017.2.1\jre64\lib\ext: [access-bridge-64.jar, cldrdata.jar, dnsns.jar, jaccess.jar, jfxrt.jar, localedata.jar, meta-index, nashorn.jar, sunec.jar, sunjce_provider.jar, sunmscapi.jar, sunpkcs11.jar, zipfs.jar] 
2017-09-06 20:11:34,052 [    160]   INFO -        #com.intellij.idea.Main - JNU charset: Cp1252 
2017-09-06 20:11:34,119 [    227]   INFO -        #com.intellij.idea.Main - JNA library (64-bit) loaded in 67 ms 
2017-09-06 20:11:34,197 [    305]   INFO - penapi.util.io.win32.IdeaWin32 - Native filesystem for Windows is operational 
2017-09-06 20:11:34,241 [    349]   INFO -        #com.intellij.idea.Main - Using "FocusKiller" library to prevent focus stealing. 
2017-09-06 20:11:39,960 [   6068]   INFO - llij.ide.plugins.PluginManager - 17 plugins initialized in 1666 ms 
2017-09-06 20:11:39,967 [   6075]   INFO - llij.ide.plugins.PluginManager - Loaded bundled plugins: CVS Integration (11), EditorConfig (172.3544.46), Git Integration (8.1), GitHub (172.3544.46), IDEA CORE (172.3544.46), IPython Notebook (0.1), IntelliLang (8.0), Python IntelliLang (VERSION), Python ReStructureText Integration (1.0), Python Terminal (VERSION), ReStructuredText Support (172.3544.46), Settings Repository (172.3544.46), Subversion Integration (1.1), Task Management (1.0), Terminal (0.1), YAML (172.3544.46), hg4idea (10.0) 
2017-09-06 20:11:43,127 [   9235]   INFO - ellij.util.io.PagedFileStorage - lower=100; upper=500; buffer=10; max=705 
2017-09-06 20:11:43,460 [   9568]   INFO - pl.local.NativeFileWatcherImpl - Starting file watcher: C:\Program Files\JetBrains\PyCharm Community Edition 2017.2.1\bin\fsnotifier64.exe 
2017-09-06 20:11:43,510 [   9618]   INFO - pl.local.NativeFileWatcherImpl - Native file watcher is operational. 
2017-09-06 20:11:44,086 [  10194]   INFO - pi.util.registry.RegistryState - Registry values changed by user: 
2017-09-06 20:11:44,086 [  10194]   INFO - pi.util.registry.RegistryState -   ide.ssh.one.time.password = true 
2017-09-06 20:11:48,317 [  14425]   INFO - til.net.ssl.CertificateManager - Default SSL context initialized 
2017-09-06 20:11:49,062 [  15170]   INFO - rains.ide.BuiltInServerManager - built-in server started, port 63342 
2017-09-06 20:11:49,223 [  15331]   INFO - gs.impl.UpdateCheckerComponent - channel: release 
2017-09-06 20:11:50,176 [  16284]   INFO - il.indexing.FileBasedIndexImpl - Index exts enumerated:459 
2017-09-06 20:11:50,187 [  16295]   INFO - il.indexing.FileBasedIndexImpl - Index scheduled:10 
2017-09-06 20:11:50,543 [  16651]   INFO - tellij.psi.stubs.StubIndexImpl - All stub exts enumerated:192 
2017-09-06 20:11:50,544 [  16652]   INFO - tellij.psi.stubs.StubIndexImpl - stub exts update scheduled:0 
2017-09-06 20:11:51,145 [  17253]   INFO - j.ide.script.IdeStartupScripts - 0 startup script(s) found 
2017-09-06 20:11:52,491 [  18599]   INFO -            PyTestLegacyInterop - Disabling com.jetbrains.python.testing.unittestLegacy.PythonUnitTestConfigurationProducer@208541ab 
2017-09-06 20:11:52,491 [  18599]   INFO -            PyTestLegacyInterop - Disabling com.jetbrains.python.testing.pytestLegacy.PyTestConfigurationProducer@5fb21f18 
2017-09-06 20:11:52,492 [  18600]   INFO -            PyTestLegacyInterop - Disabling com.jetbrains.python.testing.nosetestLegacy.PythonNoseTestConfigurationProducer@4642571b 
2017-09-06 20:11:52,540 [  18648]   INFO - plication.impl.ApplicationImpl - 74 application components initialized in 14252ms 
2017-09-06 20:11:52,648 [  18756]   INFO - .intellij.idea.IdeaApplication - App initialization took 21422 ms 
2017-09-06 20:11:56,323 [  22431]   INFO - pl$FileIndexDataInitialization - Initialization done:6134 
2017-09-06 20:12:01,624 [  27732]   INFO - exImpl$StubIndexInitialization - Initialization done:5300 
2017-09-06 20:12:05,176 [  31284]   INFO - ellij.project.impl.ProjectImpl - 14 project components initialized in 412 ms 
2017-09-06 20:12:06,530 [  32638]   INFO - com.intellij.ide.ui.UISettings - Loaded: fontSize=12, fontScale=1.0; restored: fontSize=12, fontScale=1.0 
2017-09-06 20:12:07,375 [  33483]   INFO - .openapi.application.Preloader - Finished preloading com.intellij.openapi.actionSystem.impl.ActionPreloader@2d933a0a 
2017-09-06 20:12:08,306 [  34414]   INFO - ellij.project.impl.ProjectImpl - 88 project components initialized in 6857 ms 
2017-09-06 20:12:08,559 [  34667]   INFO - .openapi.application.Preloader - Finished preloading com.intellij.ide.ui.search.SearchableOptionPreloader@6c216347 
2017-09-06 20:12:08,993 [  35101]   INFO - le.impl.ModuleManagerComponent - 1 module(s) loaded in 607 ms 
2017-09-06 20:12:09,446 [  35554]   INFO - .openapi.application.Preloader - Finished preloading com.intellij.codeInsight.completion.CompletionPreloader@191abf2c 
2017-09-06 20:12:10,809 [  36917]   INFO - .diagnostic.PerformanceWatcher - Post-startup activities under progress took 238ms; general responsiveness: ok; EDT responsiveness: ok 
2017-09-06 20:12:10,836 [  36944]   INFO - .diagnostic.PerformanceWatcher - Pushing properties took 44ms; general responsiveness: ok; EDT responsiveness: ok 
2017-09-06 20:12:11,545 [  37653]   INFO - tartup.impl.StartupManagerImpl - C:/Users/Aluno/PycharmProjects/redes/.idea case-sensitivity: expected=false actual=false 
2017-09-06 20:12:12,566 [  38674]   INFO - tor.impl.FileEditorManagerImpl - Project opening took 15722 ms 
2017-09-06 20:12:12,952 [  39060]   INFO - .diagnostic.PerformanceWatcher - Indexable file iteration took 2112ms; general responsiveness: ok; EDT responsiveness: 1/2 sluggish 
2017-09-06 20:12:14,045 [  40153]   INFO - tartup.impl.StartupManagerImpl - Some post-startup activities freeze UI for noticeable time. Please consider making them DumbAware to do them in background under modal progress, or just making them faster to speed up project opening. 
2017-09-06 20:12:14,045 [  40153]   INFO - tartup.impl.StartupManagerImpl - InitLogStartupActivity run in 1003ms on UI thread 
2017-09-06 20:12:15,845 [  41953]   INFO - tartup.impl.StartupManagerImpl - PyPackagesUpdater run in 1799ms on UI thread 
2017-09-06 20:12:21,856 [  47964]   INFO - ns.python.sdk.PythonSdkUpdater - Updating sys.path took 743 ms 
2017-09-06 20:12:21,857 [  47965]   INFO - ns.python.sdk.PythonSdkUpdater - Bogus sys.path entry C:\Users\Aluno\AppData\Local\Programs\Python\Python36-32\python36.zip 
2017-09-06 20:12:21,862 [  47970]   INFO - ns.python.sdk.PythonSdkUpdater - Binary skeletons directory for SDK Python 3.6.1 (C:\Users\Aluno\AppData\Local\Programs\Python\Python36-32\python.exe) (C:\Users\Aluno\AppData\Local\Programs\Python\Python36-32\python.exe)): C:/Users/Aluno/.PyCharmCE2017.2/system/python_stubs/92087616 
2017-09-06 20:12:21,871 [  47979]   INFO - ns.python.sdk.PythonSdkUpdater - User skeletons directory for SDK Python 3.6.1 (C:\Users\Aluno\AppData\Local\Programs\Python\Python36-32\python.exe) (C:\Users\Aluno\AppData\Local\Programs\Python\Python36-32\python.exe)): C:/Program Files/JetBrains/PyCharm Community Edition 2017.2.1/helpers/python-skeletons 
2017-09-06 20:12:53,006 [  79114]   INFO - ns.python.sdk.PythonSdkUpdater - Performing background update of skeletons for SDK Python 3.6.1 (C:\Users\Aluno\AppData\Local\Programs\Python\Python36-32\python.exe) (C:\Users\Aluno\AppData\Local\Programs\Python\Python36-32\python.exe) 
2017-09-06 20:12:53,010 [  79118]   INFO - .skeletons.PySkeletonRefresher - Refreshing skeletons for C:\Users\Aluno\AppData\Local\Programs\Python\Python36-32\python.exe 
2017-09-06 20:12:56,057 [  82165]   INFO - .skeletons.PySkeletonGenerator - Retrieving binary module list took 2987 ms 
2017-09-06 20:12:56,058 [  82166]   INFO - .skeletons.PySkeletonRefresher - Home path is C:\Program Files\JetBrains\PyCharm Community Edition 2017.2.1 
2017-09-06 20:12:56,061 [  82169]   INFO - .skeletons.PySkeletonRefresher - Pregenerated skeletons root is C:\Program Files\JetBrains\PyCharm Community Edition 2017.2.1\skeletons 
2017-09-06 20:12:56,061 [  82169]   INFO - .skeletons.PySkeletonRefresher - Not found pregenerated skeletons at C:\Program Files\JetBrains\PyCharm Community Edition 2017.2.1\skeletons\skeletons-win-401-python-3.6.1.zip 
2017-09-06 20:12:56,550 [  82658]   INFO - .skeletons.PySkeletonRefresher - Rebuilding skeletons for binaries took 422 ms 
2017-09-06 20:12:57,576 [  83684]   INFO - ns.python.sdk.PythonSdkUpdater - Performing background scan of packages for SDK Python 3.6.1 (C:\Users\Aluno\AppData\Local\Programs\Python\Python36-32\python.exe) (C:\Users\Aluno\AppData\Local\Programs\Python\Python36-32\python.exe) 
2017-09-06 20:12:57,603 [  83711]   INFO - packaging.PyPackageManagerImpl - Running packaging tool: C:\Users\Aluno\AppData\Local\Programs\Python\Python36-32\python.exe C:\Program Files\JetBrains\PyCharm Community Edition 2017.2.1\helpers\packaging_tool.py list 
2017-09-06 20:13:21,002 [ 107110]   INFO - ellij.project.impl.ProjectImpl - 88 project components initialized in 21 ms 
2017-09-06 20:13:21,002 [ 107110]   INFO - le.impl.ModuleManagerComponent - 0 module(s) loaded in 0 ms 
2017-09-06 20:13:21,548 [ 107656]   INFO - .diagnostic.PerformanceWatcher - Post-startup activities under progress took 1ms; general responsiveness: ok; EDT responsiveness: ok 
2017-09-06 20:13:21,560 [ 107668]   INFO - tartup.impl.StartupManagerImpl - G:/CJPEN/DAW-I/DAO SEEKER's/.idea case-sensitivity: expected=false actual=false 
2017-09-06 20:13:21,650 [ 107758]   INFO - tor.impl.FileEditorManagerImpl - Project opening took 679 ms 
2017-09-06 20:13:21,670 [ 107778]   INFO - .diagnostic.PerformanceWatcher - Pushing properties took 40ms; general responsiveness: ok; EDT responsiveness: ok 
2017-09-06 20:13:21,711 [ 107819]   INFO - .diagnostic.PerformanceWatcher - Indexable file iteration took 41ms; general responsiveness: ok; EDT responsiveness: ok 
2017-09-06 20:13:21,712 [ 107820]   INFO - indexing.UnindexedFilesUpdater - Unindexed files update started: 8 files to update 
2017-09-06 20:13:22,556 [ 108664]   INFO - .diagnostic.PerformanceWatcher - Unindexed files update took 844ms; general responsiveness: ok; EDT responsiveness: ok 
2017-09-06 20:13:28,081 [ 114189]   INFO - tellij.xml.Html5SchemaProvider - HTML5_SCHEMA_LOCATION = C:/Program Files/JetBrains/PyCharm Community Edition 2017.2.1/lib/pycharm.jar!/resources/html5-schema/html5.rnc 
2017-09-06 20:13:28,081 [ 114189]   INFO - tellij.xml.Html5SchemaProvider - XHTML5_SCHEMA_LOCATION = C:/Program Files/JetBrains/PyCharm Community Edition 2017.2.1/lib/pycharm.jar!/resources/html5-schema/xhtml5.rnc 
2017-09-06 20:13:28,081 [ 114189]   INFO - tellij.xml.Html5SchemaProvider - CHARS_DTD_LOCATION = C:/Program Files/JetBrains/PyCharm Community Edition 2017.2.1/lib/pycharm.jar!/resources/html5-schema/html5chars.ent 
2017-09-06 20:13:30,306 [ 116414]   INFO - ns.python.sdk.PythonSdkUpdater - Updating sys.path took 601 ms 
2017-09-06 20:13:30,308 [ 116416]   INFO - ns.python.sdk.PythonSdkUpdater - Bogus sys.path entry C:\Users\Aluno\AppData\Local\Programs\Python\Python36-32\python36.zip 
2017-09-06 20:13:30,310 [ 116418]   INFO - ns.python.sdk.PythonSdkUpdater - Binary skeletons directory for SDK Python 3.6.1 (C:\Users\Aluno\AppData\Local\Programs\Python\Python36-32\python.exe) (C:\Users\Aluno\AppData\Local\Programs\Python\Python36-32\python.exe)): C:/Users/Aluno/.PyCharmCE2017.2/system/python_stubs/92087616 
2017-09-06 20:13:30,310 [ 116418]   INFO - ns.python.sdk.PythonSdkUpdater - User skeletons directory for SDK Python 3.6.1 (C:\Users\Aluno\AppData\Local\Programs\Python\Python36-32\python.exe) (C:\Users\Aluno\AppData\Local\Programs\Python\Python36-32\python.exe)): C:/Program Files/JetBrains/PyCharm Community Edition 2017.2.1/helpers/python-skeletons 
2017-09-06 20:13:30,365 [ 116473]   INFO - ns.python.sdk.PythonSdkUpdater - Performing background update of skeletons for SDK Python 3.6.1 (C:\Users\Aluno\AppData\Local\Programs\Python\Python36-32\python.exe) (C:\Users\Aluno\AppData\Local\Programs\Python\Python36-32\python.exe) 
2017-09-06 20:13:30,365 [ 116473]   INFO - .skeletons.PySkeletonRefresher - Refreshing skeletons for C:\Users\Aluno\AppData\Local\Programs\Python\Python36-32\python.exe 
2017-09-06 20:13:34,089 [ 120197]   INFO - .skeletons.PySkeletonGenerator - Retrieving binary module list took 3638 ms 
2017-09-06 20:13:34,090 [ 120198]   INFO - .skeletons.PySkeletonRefresher - Home path is C:\Program Files\JetBrains\PyCharm Community Edition 2017.2.1 
2017-09-06 20:13:34,090 [ 120198]   INFO - .skeletons.PySkeletonRefresher - Pregenerated skeletons root is C:\Program Files\JetBrains\PyCharm Community Edition 2017.2.1\skeletons 
2017-09-06 20:13:34,090 [ 120198]   INFO - .skeletons.PySkeletonRefresher - Not found pregenerated skeletons at C:\Program Files\JetBrains\PyCharm Community Edition 2017.2.1\skeletons\skeletons-win-401-python-3.6.1.zip 
2017-09-06 20:13:34,100 [ 120208]   INFO - .skeletons.PySkeletonRefresher - Rebuilding skeletons for binaries took 9 ms 
2017-09-06 20:13:34,138 [ 120246]   INFO - ns.python.sdk.PythonSdkUpdater - Performing background scan of packages for SDK Python 3.6.1 (C:\Users\Aluno\AppData\Local\Programs\Python\Python36-32\python.exe) (C:\Users\Aluno\AppData\Local\Programs\Python\Python36-32\python.exe) 
2017-09-06 20:13:34,138 [ 120246]   INFO - packaging.PyPackageManagerImpl - Running packaging tool: C:\Users\Aluno\AppData\Local\Programs\Python\Python36-32\python.exe C:\Program Files\JetBrains\PyCharm Community Edition 2017.2.1\helpers\packaging_tool.py list 
2017-09-06 20:28:56,821 [1042929]   INFO - stubs.SerializationManagerImpl - START StubSerializationManager SHUTDOWN 
2017-09-06 20:28:56,822 [1042930]   INFO - stubs.SerializationManagerImpl - END StubSerializationManager SHUTDOWN 
2017-09-06 20:28:56,822 [1042930]   INFO - il.indexing.FileBasedIndexImpl - START INDEX SHUTDOWN 
2017-09-06 20:28:56,901 [1043009]   INFO - il.indexing.FileBasedIndexImpl - END INDEX SHUTDOWN 
2017-09-06 20:28:56,921 [1043029]   INFO - org.jetbrains.io.BuiltInServer - web server stopped 
2017-09-06 20:28:57,083 [1043191]   INFO - Types.impl.FileTypeManagerImpl - FileTypeManager: 14 auto-detected files
Elapsed time on auto-detect: 708 ms 
2017-09-06 20:28:57,162 [1043270]   INFO - pl.local.NativeFileWatcherImpl - Watcher terminated with exit code 0 
2017-09-06 20:28:57,166 [1043274]   INFO - newvfs.persistent.PersistentFS - VFS dispose started 
2017-09-06 20:28:57,312 [1043420]   INFO - newvfs.persistent.PersistentFS - VFS dispose completed 
2017-09-06 20:28:57,315 [1043423]   INFO -        #com.intellij.idea.Main - ------------------------------------------------------ IDE SHUTDOWN ------------------------------------------------------ 
2017-09-06 20:28:57,327 [1043435]   INFO - org.jetbrains.io.BuiltInServer - web server stopped 
2017-09-12 23:38:02,903 [      0]   INFO -        #com.intellij.idea.Main - ------------------------------------------------------ IDE STARTED ------------------------------------------------------ 
2017-09-12 23:38:02,934 [     31]   INFO -     #com.intellij.util.ui.JBUI - User scale factor: 1.0 
2017-09-12 23:38:02,935 [     32]   INFO -     #com.intellij.util.ui.JBUI - System scale factor: 1.0 (IDE-managed HiDPI) 
2017-09-12 23:38:02,975 [     72]   INFO -        #com.intellij.idea.Main - IDE: PyCharm Community Edition (build #PC-172.3544.46, 09 Aug 2017 12:02) 
2017-09-12 23:38:02,975 [     72]   INFO -        #com.intellij.idea.Main - OS: Windows 10 (10.0, amd64) 
2017-09-12 23:38:02,975 [     72]   INFO -        #com.intellij.idea.Main - JRE: 1.8.0_152-release-915-b6 (JetBrains s.r.o) 
2017-09-12 23:38:02,975 [     72]   INFO -        #com.intellij.idea.Main - JVM: 25.152-b6 (OpenJDK 64-Bit Server VM) 
2017-09-12 23:38:03,015 [    112]   INFO -        #com.intellij.idea.Main - JVM Args: -Xms128m -Xmx750m -XX:ReservedCodeCacheSize=240m -XX:+UseConcMarkSweepGC -XX:SoftRefLRUPolicyMSPerMB=50 -ea -Dsun.io.useCanonCaches=false -Djava.net.preferIPv4Stack=true -XX:+HeapDumpOnOutOfMemoryError -XX:-OmitStackTraceInFastThrow -Djb.vmOptionsFile=C:\Program Files\JetBrains\PyCharm Community Edition 2017.2.1\bin\pycharm64.exe.vmoptions -Xbootclasspath/a:C:\Program Files\JetBrains\PyCharm Community Edition 2017.2.1\lib\boot.jar -Didea.platform.prefix=PyCharmCore -Didea.paths.selector=PyCharmCE2017.2 -XX:ErrorFile=C:\Users\Aluno\java_error_in_pycharm_%p.log -XX:HeapDumpPath=C:\Users\Aluno\java_error_in_pycharm.hprof 
2017-09-12 23:38:03,015 [    112]   INFO -        #com.intellij.idea.Main - ext: C:\Program Files\JetBrains\PyCharm Community Edition 2017.2.1\jre64\lib\ext: [access-bridge-64.jar, cldrdata.jar, dnsns.jar, jaccess.jar, jfxrt.jar, localedata.jar, meta-index, nashorn.jar, sunec.jar, sunjce_provider.jar, sunmscapi.jar, sunpkcs11.jar, zipfs.jar] 
2017-09-12 23:38:03,016 [    113]   INFO -        #com.intellij.idea.Main - JNU charset: Cp1252 
2017-09-12 23:38:03,088 [    185]   INFO -        #com.intellij.idea.Main - JNA library (64-bit) loaded in 72 ms 
2017-09-12 23:38:03,225 [    322]   INFO - penapi.util.io.win32.IdeaWin32 - Native filesystem for Windows is operational 
2017-09-12 23:38:03,257 [    354]   INFO -        #com.intellij.idea.Main - Using "FocusKiller" library to prevent focus stealing. 
2017-09-12 23:38:11,077 [   8174]   INFO - llij.ide.plugins.PluginManager - 17 plugins initialized in 1360 ms 
2017-09-12 23:38:11,077 [   8174]   INFO - llij.ide.plugins.PluginManager - Loaded bundled plugins: CVS Integration (11), EditorConfig (172.3544.46), Git Integration (8.1), GitHub (172.3544.46), IDEA CORE (172.3544.46), IPython Notebook (0.1), IntelliLang (8.0), Python IntelliLang (VERSION), Python ReStructureText Integration (1.0), Python Terminal (VERSION), ReStructuredText Support (172.3544.46), Settings Repository (172.3544.46), Subversion Integration (1.1), Task Management (1.0), Terminal (0.1), YAML (172.3544.46), hg4idea (10.0) 
2017-09-12 23:38:14,358 [  11455]   INFO - ellij.util.io.PagedFileStorage - lower=100; upper=500; buffer=10; max=705 
2017-09-12 23:38:14,655 [  11752]   INFO - pl.local.NativeFileWatcherImpl - Starting file watcher: C:\Program Files\JetBrains\PyCharm Community Edition 2017.2.1\bin\fsnotifier64.exe 
2017-09-12 23:38:14,749 [  11846]   INFO - pl.local.NativeFileWatcherImpl - Native file watcher is operational. 
2017-09-12 23:38:15,420 [  12517]   INFO - pi.util.registry.RegistryState - Registry values changed by user: 
2017-09-12 23:38:15,420 [  12517]   INFO - pi.util.registry.RegistryState -   ide.ssh.one.time.password = true 
2017-09-12 23:38:19,525 [  16622]   INFO - til.net.ssl.CertificateManager - Default SSL context initialized 
2017-09-12 23:38:20,581 [  17678]   INFO - rains.ide.BuiltInServerManager - built-in server started, port 63342 
2017-09-12 23:38:20,859 [  17956]   INFO - gs.impl.UpdateCheckerComponent - channel: release 
2017-09-12 23:38:21,968 [  19065]   INFO - il.indexing.FileBasedIndexImpl - Index exts enumerated:427 
2017-09-12 23:38:21,968 [  19065]   INFO - il.indexing.FileBasedIndexImpl - Index scheduled:9 
2017-09-12 23:38:22,109 [  19206]   INFO - tellij.psi.stubs.StubIndexImpl - All stub exts enumerated:78 
2017-09-12 23:38:22,109 [  19206]   INFO - tellij.psi.stubs.StubIndexImpl - stub exts update scheduled:0 
2017-09-12 23:38:22,483 [  19580]   INFO - j.ide.script.IdeStartupScripts - 0 startup script(s) found 
2017-09-12 23:38:24,347 [  21444]   INFO -            PyTestLegacyInterop - Disabling com.jetbrains.python.testing.unittestLegacy.PythonUnitTestConfigurationProducer@2a2b222f 
2017-09-12 23:38:24,347 [  21444]   INFO -            PyTestLegacyInterop - Disabling com.jetbrains.python.testing.pytestLegacy.PyTestConfigurationProducer@31605502 
2017-09-12 23:38:24,347 [  21444]   INFO -            PyTestLegacyInterop - Disabling com.jetbrains.python.testing.nosetestLegacy.PythonNoseTestConfigurationProducer@31f1e97c 
2017-09-12 23:38:24,360 [  21457]   INFO - plication.impl.ApplicationImpl - 74 application components initialized in 14658ms 
2017-09-12 23:38:24,407 [  21504]   INFO - .intellij.idea.IdeaApplication - App initialization took 24246 ms 
2017-09-12 23:38:30,116 [  27213]   INFO - pl$FileIndexDataInitialization - Initialization done:8141 
2017-09-12 23:38:31,366 [  28463]   INFO - exImpl$StubIndexInitialization - Initialization done:1250 
2017-09-12 23:38:33,803 [  30900]   INFO - ellij.project.impl.ProjectImpl - 14 project components initialized in 781 ms 
2017-09-12 23:38:34,709 [  31806]   INFO - com.intellij.ide.ui.UISettings - Loaded: fontSize=12, fontScale=1.0; restored: fontSize=12, fontScale=1.0 
2017-09-12 23:38:35,225 [  32322]   INFO - .openapi.application.Preloader - Finished preloading com.intellij.openapi.actionSystem.impl.ActionPreloader@3a1dab6f 
2017-09-12 23:38:35,741 [  32838]   INFO - .openapi.application.Preloader - Finished preloading com.intellij.ide.ui.search.SearchableOptionPreloader@64b1e3cd 
2017-09-12 23:38:36,163 [  33260]   INFO - .openapi.application.Preloader - Finished preloading com.intellij.codeInsight.completion.CompletionPreloader@509e2b28 
2017-09-12 23:39:04,639 [  61736]   INFO - ellij.project.impl.ProjectImpl - 88 project components initialized in 1313 ms 
2017-09-12 23:39:04,639 [  61736]   INFO - le.impl.ModuleManagerComponent - 0 module(s) loaded in 0 ms 
2017-09-12 23:39:07,311 [  64408]   INFO - tartup.impl.StartupManagerImpl - InitToolWindowsActivity run in 235ms under project opening modal progress 
2017-09-12 23:39:07,326 [  64423]   INFO - .diagnostic.PerformanceWatcher - Post-startup activities under progress took 312ms; general responsiveness: ok; EDT responsiveness: 1/1 sluggish 
2017-09-12 23:39:07,686 [  64783]   INFO - .diagnostic.PerformanceWatcher - Pushing properties took 79ms; general responsiveness: ok; EDT responsiveness: ok 
2017-09-12 23:39:07,686 [  64783]   INFO - tartup.impl.StartupManagerImpl - C:/Users/Aluno/Desktop/aulaRedes/.idea case-sensitivity: expected=false actual=false 
2017-09-12 23:39:08,482 [  65579]   INFO - tor.impl.FileEditorManagerImpl - Project opening took 6514 ms 
2017-09-12 23:39:08,904 [  66001]   INFO - .diagnostic.PerformanceWatcher - Indexable file iteration took 1203ms; general responsiveness: ok; EDT responsiveness: 0/1 sluggish, 1/1 very slow 
2017-09-12 23:39:08,920 [  66017]   INFO - indexing.UnindexedFilesUpdater - Unindexed files update started: 5 files to update 
2017-09-12 23:39:11,076 [  68173]   INFO - .diagnostic.PerformanceWatcher - Unindexed files update took 2172ms; general responsiveness: ok; EDT responsiveness: ok 
2017-09-12 23:39:11,654 [  68751]   INFO - tartup.impl.StartupManagerImpl - Some post-startup activities freeze UI for noticeable time. Please consider making them DumbAware to do them in background under modal progress, or just making them faster to speed up project opening. 
2017-09-12 23:39:11,654 [  68751]   INFO - tartup.impl.StartupManagerImpl - InitLogStartupActivity run in 515ms on UI thread 
2017-09-12 23:39:13,295 [  70392]   INFO - tartup.impl.StartupManagerImpl - PyPackagesUpdater run in 1641ms on UI thread 
2017-09-12 23:39:15,545 [  72642]   INFO - packaging.PyPackageManagerImpl - Running packaging tool: C:\Users\Aluno\AppData\Local\Programs\Python\Python36-32\python.exe C:\Program Files\JetBrains\PyCharm Community Edition 2017.2.1\helpers\packaging_tool.py list 
2017-09-12 23:39:19,014 [  76111]   INFO - ns.python.sdk.PythonSdkUpdater - Updating sys.path took 328 ms 
2017-09-12 23:39:19,029 [  76126]   INFO - ns.python.sdk.PythonSdkUpdater - Bogus sys.path entry C:\Users\Aluno\AppData\Local\Programs\Python\Python36-32\python36.zip 
2017-09-12 23:39:19,029 [  76126]   INFO - ns.python.sdk.PythonSdkUpdater - Binary skeletons directory for SDK Python 3.6.1 (C:\Users\Aluno\AppData\Local\Programs\Python\Python36-32\python.exe) (C:\Users\Aluno\AppData\Local\Programs\Python\Python36-32\python.exe)): C:/Users/Aluno/.PyCharmCE2017.2/system/python_stubs/92087616 
2017-09-12 23:39:19,045 [  76142]   INFO - ns.python.sdk.PythonSdkUpdater - User skeletons directory for SDK Python 3.6.1 (C:\Users\Aluno\AppData\Local\Programs\Python\Python36-32\python.exe) (C:\Users\Aluno\AppData\Local\Programs\Python\Python36-32\python.exe)): C:/Program Files/JetBrains/PyCharm Community Edition 2017.2.1/helpers/python-skeletons 
2017-09-12 23:39:50,789 [ 107886]   INFO - ns.python.sdk.PythonSdkUpdater - Performing background update of skeletons for SDK Python 3.6.1 (C:\Users\Aluno\AppData\Local\Programs\Python\Python36-32\python.exe) (C:\Users\Aluno\AppData\Local\Programs\Python\Python36-32\python.exe) 
2017-09-12 23:39:50,805 [ 107902]   INFO - .skeletons.PySkeletonRefresher - Refreshing skeletons for C:\Users\Aluno\AppData\Local\Programs\Python\Python36-32\python.exe 
2017-09-12 23:39:52,883 [ 109980]   INFO - .skeletons.PySkeletonGenerator - Retrieving binary module list took 2016 ms 
2017-09-12 23:39:52,883 [ 109980]   INFO - .skeletons.PySkeletonRefresher - Home path is C:\Program Files\JetBrains\PyCharm Community Edition 2017.2.1 
2017-09-12 23:39:52,883 [ 109980]   INFO - .skeletons.PySkeletonRefresher - Pregenerated skeletons root is C:\Program Files\JetBrains\PyCharm Community Edition 2017.2.1\skeletons 
2017-09-12 23:39:52,883 [ 109980]   INFO - .skeletons.PySkeletonRefresher - Not found pregenerated skeletons at C:\Program Files\JetBrains\PyCharm Community Edition 2017.2.1\skeletons\skeletons-win-401-python-3.6.1.zip 
2017-09-12 23:39:53,336 [ 110433]   INFO - .skeletons.PySkeletonRefresher - Rebuilding skeletons for binaries took 391 ms 
2017-09-12 23:39:54,305 [ 111402]   INFO - ns.python.sdk.PythonSdkUpdater - Performing background scan of packages for SDK Python 3.6.1 (C:\Users\Aluno\AppData\Local\Programs\Python\Python36-32\python.exe) (C:\Users\Aluno\AppData\Local\Programs\Python\Python36-32\python.exe) 
2017-09-12 23:39:54,305 [ 111402]   INFO - packaging.PyPackageManagerImpl - Running packaging tool: C:\Users\Aluno\AppData\Local\Programs\Python\Python36-32\python.exe C:\Program Files\JetBrains\PyCharm Community Edition 2017.2.1\helpers\packaging_tool.py list 
2017-09-13 00:05:29,680 [1646777]   INFO - lij.openapi.util.io.FileUtilRt -  
java.lang.reflect.InvocationTargetException
	at sun.reflect.GeneratedMethodAccessor36.invoke(Unknown Source)
	at sun.reflect.DelegatingMethodAccessorImpl.invoke(DelegatingMethodAccessorImpl.java:43)
	at java.lang.reflect.Method.invoke(Method.java:498)
	at com.intellij.openapi.util.io.FileUtilRt.deleteRecursivelyNIO(FileUtilRt.java:726)
	at com.intellij.openapi.util.io.FileUtil.delete(FileUtil.java:434)
	at com.intellij.openapi.vfs.impl.local.LocalFileSystemBase.deleteFile(LocalFileSystemBase.java:420)
	at com.intellij.openapi.vfs.newvfs.persistent.PersistentFSImpl.deleteFile(PersistentFSImpl.java:453)
	at com.intellij.openapi.vfs.newvfs.impl.VirtualFileSystemEntry.delete(VirtualFileSystemEntry.java:203)
	at com.intellij.psi.impl.file.PsiFileImplUtil.doDelete(PsiFileImplUtil.java:75)
	at com.intellij.psi.impl.source.PsiFileImpl.delete(PsiFileImpl.java:514)
	at com.intellij.ide.util.DeleteHandler.lambda$null$1(DeleteHandler.java:260)
	at com.intellij.openapi.application.impl.ApplicationImpl.runWriteAction(ApplicationImpl.java:1031)
	at com.intellij.ide.util.DeleteHandler.lambda$null$2(DeleteHandler.java:258)
	at com.intellij.openapi.fileEditor.impl.NonProjectFileWritingAccessProvider.disableChecksDuring(NonProjectFileWritingAccessProvider.java:180)
	at com.intellij.ide.util.DeleteHandler.lambda$deletePsiElement$3(DeleteHandler.java:193)
	at com.intellij.openapi.command.impl.CoreCommandProcessor.executeCommand(CoreCommandProcessor.java:149)
	at com.intellij.openapi.command.impl.CoreCommandProcessor.executeCommand(CoreCommandProcessor.java:109)
	at com.intellij.openapi.command.impl.CoreCommandProcessor.executeCommand(CoreCommandProcessor.java:99)
	at com.intellij.openapi.command.impl.CoreCommandProcessor.executeCommand(CoreCommandProcessor.java:85)
	at com.intellij.ide.util.DeleteHandler.deletePsiElement(DeleteHandler.java:193)
	at com.intellij.ide.util.DeleteHandler.deletePsiElement(DeleteHandler.java:115)
	at com.intellij.ide.projectView.impl.ProjectViewImpl$MyDeletePSIElementProvider.deleteElement(ProjectViewImpl.java:994)
	at com.intellij.ide.actions.DeleteAction.actionPerformed(DeleteAction.java:47)
	at com.intellij.openapi.actionSystem.ex.ActionUtil$1.run(ActionUtil.java:216)
	at com.intellij.openapi.actionSystem.ex.ActionUtil.performActionDumbAware(ActionUtil.java:233)
	at com.intellij.openapi.keymap.impl.IdeKeyEventDispatcher$1.performAction(IdeKeyEventDispatcher.java:576)
	at com.intellij.openapi.keymap.impl.IdeKeyEventDispatcher.lambda$processAction$2(IdeKeyEventDispatcher.java:625)
	at com.intellij.openapi.application.TransactionGuardImpl.performUserActivity(TransactionGuardImpl.java:193)
	at com.intellij.openapi.keymap.impl.IdeKeyEventDispatcher.processAction(IdeKeyEventDispatcher.java:624)
	at com.intellij.openapi.keymap.impl.IdeKeyEventDispatcher.inInitState(IdeKeyEventDispatcher.java:479)
	at com.intellij.openapi.keymap.impl.IdeKeyEventDispatcher.dispatchKeyEvent(IdeKeyEventDispatcher.java:213)
	at com.intellij.ide.IdeEventQueue._dispatchEvent(IdeEventQueue.java:621)
	at com.intellij.ide.IdeEventQueue.dispatchEvent(IdeEventQueue.java:365)
	at java.awt.EventDispatchThread.pumpOneEventForFilters(EventDispatchThread.java:201)
	at java.awt.EventDispatchThread.pumpEventsForFilter(EventDispatchThread.java:116)
	at java.awt.EventDispatchThread.pumpEventsForHierarchy(EventDispatchThread.java:105)
	at java.awt.EventDispatchThread.pumpEvents(EventDispatchThread.java:101)
	at java.awt.EventDispatchThread.pumpEvents(EventDispatchThread.java:93)
	at java.awt.EventDispatchThread.run(EventDispatchThread.java:82)
Caused by: com.intellij.openapi.util.io.FileUtilRt$NIOReflect$1$2: Failed to delete C:\Users\Aluno\Desktop\aulaRedes\EnvArq\ArqSalvo.txt
2017-09-13 00:29:36,610 [3093707]   INFO - .script.IdeScriptEngineManager - javax.script.ScriptEngineManager initialized in 68 ms 
2017-09-13 00:55:09,728 [4626825]   INFO - mpl.MemoryDiskConflictResolver - reload ArqSalvo.txt from disk? 
2017-09-13 00:55:09,728 [4626825]   INFO - mpl.MemoryDiskConflictResolver -   documentStamp:12641 
2017-09-13 00:55:09,728 [4626825]   INFO - mpl.MemoryDiskConflictResolver -   oldFileStamp:11401 
2017-09-13 00:55:14,625 [4631722]   INFO - stubs.SerializationManagerImpl - START StubSerializationManager SHUTDOWN 
2017-09-13 00:55:14,625 [4631722]   INFO - stubs.SerializationManagerImpl - END StubSerializationManager SHUTDOWN 
2017-09-13 00:55:14,625 [4631722]   INFO - il.indexing.FileBasedIndexImpl - START INDEX SHUTDOWN 
2017-09-13 00:55:14,703 [4631800]   INFO - il.indexing.FileBasedIndexImpl - END INDEX SHUTDOWN 
2017-09-13 00:55:14,719 [4631816]   INFO - org.jetbrains.io.BuiltInServer - web server stopped 
2017-09-13 00:55:14,750 [4631847]   INFO - Types.impl.FileTypeManagerImpl - FileTypeManager: 15 auto-detected files
Elapsed time on auto-detect: 110 ms 
2017-09-13 00:55:14,766 [4631863]   INFO - pl.local.NativeFileWatcherImpl - Watcher terminated with exit code 0 
2017-09-13 00:55:14,766 [4631863]   INFO - newvfs.persistent.PersistentFS - VFS dispose started 
2017-09-13 00:55:14,813 [4631910]   INFO - newvfs.persistent.PersistentFS - VFS dispose completed 
2017-09-13 00:55:14,813 [4631910]   INFO -        #com.intellij.idea.Main - ------------------------------------------------------ IDE SHUTDOWN ------------------------------------------------------ 
2017-09-13 00:55:14,813 [4631910]   INFO - org.jetbrains.io.BuiltInServer - web server stopped 
2017-09-19 00:45:54,120 [      0]   INFO -        #com.intellij.idea.Main - ------------------------------------------------------ IDE STARTED ------------------------------------------------------ 
2017-09-19 00:45:54,152 [     32]   INFO -     #com.intellij.util.ui.JBUI - User scale factor: 1.0 
2017-09-19 00:45:54,152 [     32]   INFO -     #com.intellij.util.ui.JBUI - System scale factor: 1.0 (IDE-managed HiDPI) 
2017-09-19 00:45:54,167 [     47]   INFO -        #com.intellij.idea.Main - IDE: PyCharm Community Edition (build #PC-172.3544.46, 09 Aug 2017 12:54) 
2017-09-19 00:45:54,167 [     47]   INFO -        #com.intellij.idea.Main - OS: Windows 10 (10.0, amd64) 
2017-09-19 00:45:54,167 [     47]   INFO -        #com.intellij.idea.Main - JRE: 1.8.0_152-release-915-b6 (JetBrains s.r.o) 
2017-09-19 00:45:54,167 [     47]   INFO -        #com.intellij.idea.Main - JVM: 25.152-b6 (OpenJDK 64-Bit Server VM) 
2017-09-19 00:45:54,198 [     78]   INFO -        #com.intellij.idea.Main - JVM Args: -Xms128m -Xmx750m -XX:ReservedCodeCacheSize=240m -XX:+UseConcMarkSweepGC -XX:SoftRefLRUPolicyMSPerMB=50 -ea -Dsun.io.useCanonCaches=false -Djava.net.preferIPv4Stack=true -XX:+HeapDumpOnOutOfMemoryError -XX:-OmitStackTraceInFastThrow -Djb.vmOptionsFile=C:\Program Files\JetBrains\PyCharm Community Edition 2017.2.1\bin\pycharm64.exe.vmoptions -Xbootclasspath/a:C:\Program Files\JetBrains\PyCharm Community Edition 2017.2.1\lib\boot.jar -Didea.platform.prefix=PyCharmCore -Didea.paths.selector=PyCharmCE2017.2 -XX:ErrorFile=C:\Users\Aluno\java_error_in_pycharm_%p.log -XX:HeapDumpPath=C:\Users\Aluno\java_error_in_pycharm.hprof 
2017-09-19 00:45:54,214 [     94]   INFO -        #com.intellij.idea.Main - ext: C:\Program Files\JetBrains\PyCharm Community Edition 2017.2.1\jre64\lib\ext: [access-bridge-64.jar, cldrdata.jar, dnsns.jar, jaccess.jar, jfxrt.jar, localedata.jar, meta-index, nashorn.jar, sunec.jar, sunjce_provider.jar, sunmscapi.jar, sunpkcs11.jar, zipfs.jar] 
2017-09-19 00:45:54,214 [     94]   INFO -        #com.intellij.idea.Main - JNU charset: Cp1252 
2017-09-19 00:45:54,245 [    125]   INFO -        #com.intellij.idea.Main - JNA library (64-bit) loaded in 31 ms 
2017-09-19 00:45:54,310 [    190]   INFO - penapi.util.io.win32.IdeaWin32 - Native filesystem for Windows is operational 
2017-09-19 00:45:54,361 [    241]   INFO -        #com.intellij.idea.Main - Using "FocusKiller" library to prevent focus stealing. 
2017-09-19 00:46:00,410 [   6290]   INFO - llij.ide.plugins.PluginManager - 17 plugins initialized in 1680 ms 
2017-09-19 00:46:00,416 [   6296]   INFO - llij.ide.plugins.PluginManager - Loaded bundled plugins: CVS Integration (11), EditorConfig (172.3544.46), Git Integration (8.1), GitHub (172.3544.46), IDEA CORE (172.3544.46), IPython Notebook (0.1), IntelliLang (8.0), Python IntelliLang (VERSION), Python ReStructureText Integration (1.0), Python Terminal (VERSION), ReStructuredText Support (172.3544.46), Settings Repository (172.3544.46), Subversion Integration (1.1), Task Management (1.0), Terminal (0.1), YAML (172.3544.46), hg4idea (10.0) 
2017-09-19 00:46:03,964 [   9844]   INFO - ellij.util.io.PagedFileStorage - lower=100; upper=500; buffer=10; max=705 
2017-09-19 00:46:04,301 [  10181]   INFO - pl.local.NativeFileWatcherImpl - Starting file watcher: C:\Program Files\JetBrains\PyCharm Community Edition 2017.2.1\bin\fsnotifier64.exe 
2017-09-19 00:46:04,337 [  10217]   INFO - pl.local.NativeFileWatcherImpl - Native file watcher is operational. 
2017-09-19 00:46:04,855 [  10735]   INFO - pi.util.registry.RegistryState - Registry values changed by user: 
2017-09-19 00:46:04,855 [  10735]   INFO - pi.util.registry.RegistryState -   ide.ssh.one.time.password = true 
2017-09-19 00:46:08,490 [  14370]   INFO - til.net.ssl.CertificateManager - Default SSL context initialized 
2017-09-19 00:46:09,277 [  15157]   INFO - rains.ide.BuiltInServerManager - built-in server started, port 63342 
2017-09-19 00:46:09,461 [  15341]   INFO - gs.impl.UpdateCheckerComponent - channel: release 
2017-09-19 00:46:10,357 [  16237]   INFO - il.indexing.FileBasedIndexImpl - Index exts enumerated:249 
2017-09-19 00:46:10,373 [  16253]   INFO - il.indexing.FileBasedIndexImpl - Index scheduled:15 
2017-09-19 00:46:10,449 [  16329]   INFO - tellij.psi.stubs.StubIndexImpl - All stub exts enumerated:30 
2017-09-19 00:46:10,450 [  16330]   INFO - tellij.psi.stubs.StubIndexImpl - stub exts update scheduled:0 
2017-09-19 00:46:10,898 [  16778]   INFO - j.ide.script.IdeStartupScripts - 0 startup script(s) found 
2017-09-19 00:46:11,874 [  17754]   INFO -            PyTestLegacyInterop - Disabling com.jetbrains.python.testing.unittestLegacy.PythonUnitTestConfigurationProducer@6a7e0e4e 
2017-09-19 00:46:11,874 [  17754]   INFO -            PyTestLegacyInterop - Disabling com.jetbrains.python.testing.pytestLegacy.PyTestConfigurationProducer@77efe9db 
2017-09-19 00:46:11,875 [  17755]   INFO -            PyTestLegacyInterop - Disabling com.jetbrains.python.testing.nosetestLegacy.PythonNoseTestConfigurationProducer@776d3881 
2017-09-19 00:46:11,882 [  17762]   INFO - plication.impl.ApplicationImpl - 74 application components initialized in 10910ms 
2017-09-19 00:46:11,915 [  17795]   INFO - .intellij.idea.IdeaApplication - App initialization took 20169 ms 
2017-09-19 00:46:14,347 [  20227]   INFO - .intellij.idea.IdeaApplication - IdeaApplication.loadProject 
2017-09-19 00:46:14,356 [  20236]   INFO - ellij.ide.CommandLineProcessor - External command line: 
2017-09-19 00:46:14,356 [  20236]   INFO - ellij.ide.CommandLineProcessor - Dir: null 
2017-09-19 00:46:14,356 [  20236]   INFO - ellij.ide.CommandLineProcessor - C:\Users\Aluno\Downloads\untitle.py 
2017-09-19 00:46:14,356 [  20236]   INFO - ellij.ide.CommandLineProcessor - ----- 
2017-09-19 00:46:15,081 [  20961]   INFO - pl$FileIndexDataInitialization - Initialization done:4708 
2017-09-19 00:46:16,879 [  22759]   INFO - exImpl$StubIndexInitialization - Initialization done:1797 
2017-09-19 00:46:17,514 [  23394]   INFO - ellij.project.impl.ProjectImpl - 14 project components initialized in 2880 ms 
2017-09-19 00:46:21,395 [  27275]   INFO - com.intellij.ide.ui.UISettings - Loaded: fontSize=12, fontScale=1.0; restored: fontSize=12, fontScale=1.0 
2017-09-19 00:46:22,180 [  28060]   INFO - ellij.project.impl.ProjectImpl - 88 project components initialized in 2896 ms 
2017-09-19 00:46:22,181 [  28061]   INFO - le.impl.ModuleManagerComponent - 0 module(s) loaded in 0 ms 
2017-09-19 00:46:24,451 [  30331]   INFO - .openapi.application.Preloader - Finished preloading com.intellij.openapi.actionSystem.impl.ActionPreloader@d7c3903 
2017-09-19 00:46:25,515 [  31395]   INFO - .openapi.application.Preloader - Finished preloading com.intellij.ide.ui.search.SearchableOptionPreloader@2cda3453 
2017-09-19 00:46:26,124 [  32004]   INFO - .openapi.application.Preloader - Finished preloading com.intellij.codeInsight.completion.CompletionPreloader@1d55512c 
2017-09-19 00:46:26,249 [  32129]   INFO - .diagnostic.PerformanceWatcher - Post-startup activities under progress took 144ms; general responsiveness: ok; EDT responsiveness: ok 
2017-09-19 00:46:26,280 [  32160]   INFO - tartup.impl.StartupManagerImpl - C:/Users/Aluno/AppData/Local/Temp/untitle.py/.idea case-sensitivity: expected=false actual=false 
2017-09-19 00:46:26,717 [  32597]   INFO - .diagnostic.PerformanceWatcher - Pushing properties took 49ms; general responsiveness: ok; EDT responsiveness: ok 
2017-09-19 00:46:27,739 [  33619]   INFO - .diagnostic.PerformanceWatcher - Indexable file iteration took 1019ms; general responsiveness: ok; EDT responsiveness: ok 
2017-09-19 00:46:27,739 [  33619]   INFO - indexing.UnindexedFilesUpdater - Unindexed files update started: 1 files to update 
2017-09-19 00:46:28,497 [  34377]   INFO - tor.impl.FileEditorManagerImpl - Project opening took 14042 ms 
2017-09-19 00:46:29,214 [  35094]   INFO - .diagnostic.PerformanceWatcher - Unindexed files update took 1475ms; general responsiveness: ok; EDT responsiveness: 1/3 sluggish, 2/3 very slow 
2017-09-19 00:46:30,522 [  36402]   INFO - tartup.impl.StartupManagerImpl - Some post-startup activities freeze UI for noticeable time. Please consider making them DumbAware to do them in background under modal progress, or just making them faster to speed up project opening. 
2017-09-19 00:46:30,522 [  36402]   INFO - tartup.impl.StartupManagerImpl - InitLogStartupActivity run in 213ms on UI thread 
2017-09-19 00:57:08,367 [ 674247]   INFO - stubs.SerializationManagerImpl - START StubSerializationManager SHUTDOWN 
2017-09-19 00:57:08,367 [ 674247]   INFO - stubs.SerializationManagerImpl - END StubSerializationManager SHUTDOWN 
2017-09-19 00:57:08,367 [ 674247]   INFO - il.indexing.FileBasedIndexImpl - START INDEX SHUTDOWN 
2017-09-19 00:57:08,398 [ 674278]   INFO - il.indexing.FileBasedIndexImpl - END INDEX SHUTDOWN 
2017-09-19 00:57:08,414 [ 674294]   INFO - org.jetbrains.io.BuiltInServer - web server stopped 
2017-09-19 00:57:08,461 [ 674341]   INFO - Types.impl.FileTypeManagerImpl - FileTypeManager: 0 auto-detected files
Elapsed time on auto-detect: 0 ms 
2017-09-19 00:57:08,461 [ 674341]   INFO - pl.local.NativeFileWatcherImpl - Watcher terminated with exit code 0 
2017-09-19 00:57:08,476 [ 674356]   INFO - newvfs.persistent.PersistentFS - VFS dispose started 
2017-09-19 00:57:08,554 [ 674434]   INFO - newvfs.persistent.PersistentFS - VFS dispose completed 
2017-09-19 00:57:08,554 [ 674434]   INFO -        #com.intellij.idea.Main - ------------------------------------------------------ IDE SHUTDOWN ------------------------------------------------------ 
2017-09-19 00:57:08,570 [ 674450]   INFO - org.jetbrains.io.BuiltInServer - web server stopped 
2017-09-25 20:39:30,949 [      0]   INFO -        #com.intellij.idea.Main - ------------------------------------------------------ IDE STARTED ------------------------------------------------------ 
2017-09-25 20:39:30,964 [     15]   INFO -     #com.intellij.util.ui.JBUI - User scale factor: 1.0 
2017-09-25 20:39:30,964 [     15]   INFO -     #com.intellij.util.ui.JBUI - System scale factor: 1.0 (IDE-managed HiDPI) 
2017-09-25 20:39:30,996 [     47]   INFO -        #com.intellij.idea.Main - IDE: PyCharm Community Edition (build #PC-172.3544.46, 09 Aug 2017 12:30) 
2017-09-25 20:39:30,996 [     47]   INFO -        #com.intellij.idea.Main - OS: Windows 10 (10.0, amd64) 
2017-09-25 20:39:30,996 [     47]   INFO -        #com.intellij.idea.Main - JRE: 1.8.0_152-release-915-b6 (JetBrains s.r.o) 
2017-09-25 20:39:30,996 [     47]   INFO -        #com.intellij.idea.Main - JVM: 25.152-b6 (OpenJDK 64-Bit Server VM) 
2017-09-25 20:39:31,043 [     94]   INFO -        #com.intellij.idea.Main - JVM Args: -Xms128m -Xmx750m -XX:ReservedCodeCacheSize=240m -XX:+UseConcMarkSweepGC -XX:SoftRefLRUPolicyMSPerMB=50 -ea -Dsun.io.useCanonCaches=false -Djava.net.preferIPv4Stack=true -XX:+HeapDumpOnOutOfMemoryError -XX:-OmitStackTraceInFastThrow -Djb.vmOptionsFile=C:\Program Files\JetBrains\PyCharm Community Edition 2017.2.1\bin\pycharm64.exe.vmoptions -Xbootclasspath/a:C:\Program Files\JetBrains\PyCharm Community Edition 2017.2.1\lib\boot.jar -Didea.platform.prefix=PyCharmCore -Didea.paths.selector=PyCharmCE2017.2 -XX:ErrorFile=C:\Users\Aluno\java_error_in_pycharm_%p.log -XX:HeapDumpPath=C:\Users\Aluno\java_error_in_pycharm.hprof 
2017-09-25 20:39:31,043 [     94]   INFO -        #com.intellij.idea.Main - ext: C:\Program Files\JetBrains\PyCharm Community Edition 2017.2.1\jre64\lib\ext: [access-bridge-64.jar, cldrdata.jar, dnsns.jar, jaccess.jar, jfxrt.jar, localedata.jar, meta-index, nashorn.jar, sunec.jar, sunjce_provider.jar, sunmscapi.jar, sunpkcs11.jar, zipfs.jar] 
2017-09-25 20:39:31,043 [     94]   INFO -        #com.intellij.idea.Main - JNU charset: Cp1252 
2017-09-25 20:39:31,074 [    125]   INFO -        #com.intellij.idea.Main - JNA library (64-bit) loaded in 31 ms 
2017-09-25 20:39:31,121 [    172]   INFO - penapi.util.io.win32.IdeaWin32 - Native filesystem for Windows is operational 
2017-09-25 20:39:31,168 [    219]   INFO -        #com.intellij.idea.Main - Using "FocusKiller" library to prevent focus stealing. 
2017-09-25 20:39:36,229 [   5280]   INFO - llij.ide.plugins.PluginManager - 17 plugins initialized in 1762 ms 
2017-09-25 20:39:36,229 [   5280]   INFO - llij.ide.plugins.PluginManager - Loaded bundled plugins: CVS Integration (11), EditorConfig (172.3544.46), Git Integration (8.1), GitHub (172.3544.46), IDEA CORE (172.3544.46), IPython Notebook (0.1), IntelliLang (8.0), Python IntelliLang (VERSION), Python ReStructureText Integration (1.0), Python Terminal (VERSION), ReStructuredText Support (172.3544.46), Settings Repository (172.3544.46), Subversion Integration (1.1), Task Management (1.0), Terminal (0.1), YAML (172.3544.46), hg4idea (10.0) 
2017-09-25 20:39:40,088 [   9139]   INFO - ellij.util.io.PagedFileStorage - lower=100; upper=500; buffer=10; max=705 
2017-09-25 20:39:40,383 [   9434]   INFO - pl.local.NativeFileWatcherImpl - Starting file watcher: C:\Program Files\JetBrains\PyCharm Community Edition 2017.2.1\bin\fsnotifier64.exe 
2017-09-25 20:39:40,430 [   9481]   INFO - pl.local.NativeFileWatcherImpl - Native file watcher is operational. 
2017-09-25 20:39:41,039 [  10090]   INFO - pi.util.registry.RegistryState - Registry values changed by user: 
2017-09-25 20:39:41,039 [  10090]   INFO - pi.util.registry.RegistryState -   ide.ssh.one.time.password = true 
2017-09-25 20:39:45,005 [  14056]   INFO - til.net.ssl.CertificateManager - Default SSL context initialized 
2017-09-25 20:39:45,854 [  14905]   INFO - rains.ide.BuiltInServerManager - built-in server started, port 63342 
2017-09-25 20:39:46,018 [  15069]   INFO - gs.impl.UpdateCheckerComponent - channel: release 
2017-09-25 20:39:46,873 [  15924]   INFO - il.indexing.FileBasedIndexImpl - Index exts enumerated:332 
2017-09-25 20:39:46,888 [  15939]   INFO - il.indexing.FileBasedIndexImpl - Index scheduled:16 
2017-09-25 20:39:46,998 [  16049]   INFO - tellij.psi.stubs.StubIndexImpl - All stub exts enumerated:30 
2017-09-25 20:39:46,998 [  16049]   INFO - tellij.psi.stubs.StubIndexImpl - stub exts update scheduled:0 
2017-09-25 20:39:47,531 [  16582]   INFO - j.ide.script.IdeStartupScripts - 0 startup script(s) found 
2017-09-25 20:39:48,523 [  17574]   INFO -            PyTestLegacyInterop - Disabling com.jetbrains.python.testing.unittestLegacy.PythonUnitTestConfigurationProducer@335ec77f 
2017-09-25 20:39:48,523 [  17574]   INFO -            PyTestLegacyInterop - Disabling com.jetbrains.python.testing.pytestLegacy.PyTestConfigurationProducer@39065f3b 
2017-09-25 20:39:48,523 [  17574]   INFO -            PyTestLegacyInterop - Disabling com.jetbrains.python.testing.nosetestLegacy.PythonNoseTestConfigurationProducer@edf2367 
2017-09-25 20:39:48,529 [  17580]   INFO - plication.impl.ApplicationImpl - 74 application components initialized in 11613ms 
2017-09-25 20:39:48,561 [  17612]   INFO - .intellij.idea.IdeaApplication - App initialization took 19941 ms 
2017-09-25 20:39:51,389 [  20440]   INFO - .intellij.idea.IdeaApplication - IdeaApplication.loadProject 
2017-09-25 20:39:51,389 [  20440]   INFO - ellij.ide.CommandLineProcessor - External command line: 
2017-09-25 20:39:51,389 [  20440]   INFO - ellij.ide.CommandLineProcessor - Dir: null 
2017-09-25 20:39:51,389 [  20440]   INFO - ellij.ide.CommandLineProcessor - C:\Users\Aluno\Desktop\uri.py 
2017-09-25 20:39:51,389 [  20440]   INFO - ellij.ide.CommandLineProcessor - ----- 
2017-09-25 20:39:52,889 [  21940]   INFO - pl$FileIndexDataInitialization - Initialization done:5997 
2017-09-25 20:39:54,141 [  23192]   INFO - exImpl$StubIndexInitialization - Initialization done:1255 
2017-09-25 20:39:54,309 [  23360]   INFO - ellij.project.impl.ProjectImpl - 14 project components initialized in 2654 ms 
2017-09-25 20:39:55,090 [  24141]   INFO - plication.impl.ApplicationImpl - Received external Windows command line: current directory C:\Users\Aluno\Desktop, command line "C:\Program Files\JetBrains\PyCharm Community Edition 2017.2.1\bin\pycharm64.exe" "C:\Users\Aluno\Desktop\uri.py" 
2017-09-25 20:39:56,840 [  25891]   INFO - plication.impl.ApplicationImpl - Received external Windows command line: current directory C:\Users\Aluno\Desktop, command line "C:\Program Files\JetBrains\PyCharm Community Edition 2017.2.1\bin\pycharm64.exe" "C:\Users\Aluno\Desktop\uri.py" 
2017-09-25 20:39:57,640 [  26691]   INFO - com.intellij.ide.ui.UISettings - Loaded: fontSize=12, fontScale=1.0; restored: fontSize=12, fontScale=1.0 
2017-09-25 20:39:58,481 [  27532]   INFO - ellij.project.impl.ProjectImpl - 88 project components initialized in 2407 ms 
2017-09-25 20:39:58,481 [  27532]   INFO - le.impl.ModuleManagerComponent - 0 module(s) loaded in 0 ms 
2017-09-25 20:40:03,297 [  32348]   INFO - .diagnostic.PerformanceWatcher - Post-startup activities under progress took 222ms; general responsiveness: ok; EDT responsiveness: ok 
2017-09-25 20:40:03,438 [  32489]   INFO - ellij.ide.CommandLineProcessor - External command line: 
2017-09-25 20:40:03,438 [  32489]   INFO - ellij.ide.CommandLineProcessor - Dir: C:\Users\Aluno\Desktop 
2017-09-25 20:40:03,438 [  32489]   INFO - ellij.ide.CommandLineProcessor - "C:\Users\Aluno\Desktop\uri.py" 
2017-09-25 20:40:03,438 [  32489]   INFO - ellij.ide.CommandLineProcessor - ----- 
2017-09-25 20:40:03,453 [  32504]   INFO - .diagnostic.PerformanceWatcher - Pushing properties took 47ms; general responsiveness: ok; EDT responsiveness: ok 
2017-09-25 20:40:03,826 [  32877]   INFO - .openapi.application.Preloader - Finished preloading com.intellij.openapi.actionSystem.impl.ActionPreloader@322ee902 
2017-09-25 20:40:03,933 [  32984]   INFO - .diagnostic.PerformanceWatcher - Indexable file iteration took 480ms; general responsiveness: ok; EDT responsiveness: ok 
2017-09-25 20:40:03,933 [  32984]   INFO - indexing.UnindexedFilesUpdater - Unindexed files update started: 1 files to update 
2017-09-25 20:40:04,781 [  33832]   INFO - .openapi.application.Preloader - Finished preloading com.intellij.ide.ui.search.SearchableOptionPreloader@28c260a5 
2017-09-25 20:40:05,127 [  34178]   INFO - ellij.ide.CommandLineProcessor - External command line: 
2017-09-25 20:40:05,127 [  34178]   INFO - ellij.ide.CommandLineProcessor - Dir: C:\Users\Aluno\Desktop 
2017-09-25 20:40:05,127 [  34178]   INFO - ellij.ide.CommandLineProcessor - "C:\Users\Aluno\Desktop\uri.py" 
2017-09-25 20:40:05,127 [  34178]   INFO - ellij.ide.CommandLineProcessor - ----- 
2017-09-25 20:40:05,205 [  34256]   INFO - tartup.impl.StartupManagerImpl - C:/Users/Aluno/AppData/Local/Temp/uri.py/.idea case-sensitivity: expected=false actual=false 
2017-09-25 20:40:05,487 [  34538]   INFO - .openapi.application.Preloader - Finished preloading com.intellij.codeInsight.completion.CompletionPreloader@3260fd2c 
2017-09-25 20:40:06,268 [  35319]   INFO - tor.impl.FileEditorManagerImpl - Project opening took 14730 ms 
2017-09-25 20:40:06,877 [  35928]   INFO - .diagnostic.PerformanceWatcher - Unindexed files update took 2944ms; general responsiveness: ok; EDT responsiveness: 2/3 sluggish, 1/3 very slow 
2017-09-25 20:40:07,471 [  36522]   INFO - tartup.impl.StartupManagerImpl - Some post-startup activities freeze UI for noticeable time. Please consider making them DumbAware to do them in background under modal progress, or just making them faster to speed up project opening. 
2017-09-25 20:40:07,471 [  36522]   INFO - tartup.impl.StartupManagerImpl - InitLogStartupActivity run in 250ms on UI thread 
2017-09-25 22:05:18,621 [5147672]   INFO - stubs.SerializationManagerImpl - START StubSerializationManager SHUTDOWN 
2017-09-25 22:05:18,621 [5147672]   INFO - stubs.SerializationManagerImpl - END StubSerializationManager SHUTDOWN 
2017-09-25 22:05:18,621 [5147672]   INFO - il.indexing.FileBasedIndexImpl - START INDEX SHUTDOWN 
2017-09-25 22:05:19,012 [5148063]   INFO - il.indexing.FileBasedIndexImpl - END INDEX SHUTDOWN 
2017-09-25 22:05:19,027 [5148078]   INFO - org.jetbrains.io.BuiltInServer - web server stopped 
2017-09-25 22:05:19,074 [5148125]   INFO - Types.impl.FileTypeManagerImpl - FileTypeManager: 0 auto-detected files
Elapsed time on auto-detect: 0 ms 
2017-09-25 22:05:19,074 [5148125]   INFO - pl.local.NativeFileWatcherImpl - Watcher terminated with exit code 0 
2017-09-25 22:05:19,074 [5148125]   INFO - newvfs.persistent.PersistentFS - VFS dispose started 
2017-09-25 22:05:19,152 [5148203]   INFO - newvfs.persistent.PersistentFS - VFS dispose completed 
2017-09-25 22:05:19,152 [5148203]   INFO -        #com.intellij.idea.Main - ------------------------------------------------------ IDE SHUTDOWN ------------------------------------------------------ 
2017-09-25 22:05:19,168 [5148219]   INFO - org.jetbrains.io.BuiltInServer - web server stopped 
